%EventDef PajeDefineContainerType 0
% Name string
% Type string
% Alias string
%EndEventDef
%EventDef PajeDefineStateType 1
% Name string
% Type string
% Alias string
%EndEventDef
%EventDef PajeDefineEventType 2
% Name string
% Type string
% Alias string
%EndEventDef
%EventDef PajeDefineVariableType 3
% Name string
% Type string
% Color color
% Alias string
%EndEventDef
%EventDef PajeDefineLinkType 4
% Name string
% Type string
% StartContainerType string
% EndContainerType string
% Alias string
%EndEventDef
%EventDef PajeDefineEntityValue 5
% Type string
% Name string
% Color color
% Alias string
%EndEventDef
%EventDef PajeCreateContainer 7
% Time date
% Name string
% Type string
% Container string
% Alias string
%EndEventDef
%EventDef PajeDestroyContainer 8
% Time date
% Name string
% Type string
%EndEventDef
%EventDef PajeSetState 10
% Time date
% Type string
% Container string
% Value string
%EndEventDef
%EventDef PajePushState 11
% Time date
% Type string
% Container string
% Value string
%EndEventDef
%EventDef PajePopState 12
% Time date
% Type string
% Container string
%EndEventDef
%EventDef PajeResetState 13
% Time date
% Type string
% Container string
%EndEventDef
%EventDef PajeNewEvent 20
% Time date
% Type string
% Container string
% Value string
%EndEventDef
%EventDef PajeSetVariable 30
% Time date
% Type string
% Container string
% Value double
%EndEventDef
%EventDef PajeAddVariable 31
% Time date
% Type string
% Container string
% Value double
%EndEventDef
%EventDef PajeSubVariable 32
% Time date
% Type string
% Container string
% Value double
%EndEventDef
%EventDef PajeStartLink 40
% Time date
% Type string
% Container string
% StartContainer string
% Value string
% Key string
%EndEventDef
%EventDef PajeEndLink 41
% Time date
% Type string
% Container string
% EndContainer string
% Value string
% Key string
%EndEventDef
0 "Program" "0" "CT_Program"
0 "Process" "CT_Program" "CT_Process"
0 "Thread" "CT_Process" "CT_Thread"
1 "Program state" "CT_Program" "ST_Program"
1 "Process state" "CT_Process" "ST_Process"
1 "Thread state" "CT_Thread" "ST_Thread"
1 "User state" "CT_Thread" "ST_User"
5 "ST_Thread" "EZTrace Flush" "1.0 1.0 1.0" "STV_FLUSH"
5 "ST_Thread" "Blocked" "1.0 0.0 0.0" "STV_Blocked"
5 "ST_Thread" "Working" "0.0 0.0 1.0" "STV_Working"
5 "ST_Thread" "Critical Section" "0.0 1.0 0.0" "STV_Critical"
5 "ST_User" "User Event" "0.0 1.0 0.0" "STV_User_Event_Green"
5 "ST_User" "User Event" "1.0 0.0 0.0" "STV_User_Event_Red"
5 "ST_User" "User Event" "0.1 0.5 0.8" "STV_User_Event_Blue"
5 "ST_User" "User Event" "1.0 1.0 0.0" "STV_User_Event_Yellow"
5 "ST_User" "User Event" "1.0 0.0 1.0" "STV_User_Event_Pink"
5 "ST_Thread" "EZTrace synchronization" "1.0 1.0 1.0" "STV_EZTRACE_SYNC"
2 "User Event" "CT_Thread" "E_UserEvent"
2 "SIGNAL Received" "CT_Thread" "E_SigSegv"
3 "Current CPU" "CT_Thread" "0 0 0" "V_CURCPU"
5 "ST_Thread" "stdio_read" "0.0 0.0 0.0" "stdio_read"
5 "ST_Thread" "stdio_pread" "0.0 0.0 0.0" "stdio_pread"
5 "ST_Thread" "stdio_readv" "0.0 0.0 0.0" "stdio_readv"
5 "ST_Thread" "stdio_fread" "0.0 0.0 0.0" "stdio_fread"
5 "ST_Thread" "stdio_write" "0.0 0.0 0.0" "stdio_write"
5 "ST_Thread" "stdio_pwrite" "0.0 0.0 0.0" "stdio_pwrite"
5 "ST_Thread" "stdio_writev" "0.0 0.0 0.0" "stdio_writev"
5 "ST_Thread" "stdio_fwrite" "0.0 0.0 0.0" "stdio_fwrite"
5 "ST_Thread" "stdio_select" "0.0 0.0 0.0" "stdio_select"
5 "ST_Thread" "stdio_pselect" "0.0 0.0 0.0" "stdio_pselect"
5 "ST_Thread" "stdio_lseek" "0.0 0.0 0.0" "stdio_lseek"
5 "ST_Thread" "stdio_poll" "0.0 0.0 0.0" "stdio_poll"
5 "ST_Thread" "stdio_ppoll" "0.0 0.0 0.0" "stdio_ppoll"
2 "SemPost" "CT_Thread" "E_SemPost"
2 "SemWait done" "CT_Thread" "E_SemWait_Done"
2 "Mutex Lock" "CT_Thread" "E_Mutex_Lock"
2 "Mutex Unlock" "CT_Thread" "E_Mutex_Unlock"
2 "Cond Signal" "CT_Thread" "E_CondSignal"
2 "Waiting for a lock" "CT_Thread" "E_LockStart"
2 "Lock acquired" "CT_Thread" "E_LockStop"
5 "ST_Thread" "Blocked on a semaphore" "1.0 0.0 0.0" "STV_Blocked_sem"
5 "ST_Thread" "Blocked on a spinlock" "1.0 0.0 0.0" "STV_Blocked_spin"
5 "ST_Thread" "Blocked on a mutex" "1.0 0.0 0.0" "STV_Blocked_mutex"
5 "ST_Thread" "Blocked on a condition" "1.0 0.0 0.0" "STV_Blocked_condition"
5 "ST_Thread" "Blocked on a rwlock" "1.0 0.0 0.0" "STV_Blocked_rwlock"
5 "ST_Thread" "Blocked on a barrier" "1.0 0.0 0.0" "STV_Blocked_barrier"
5 "ST_Thread" "Critical Section (semaphore)" "0.0 1.0 0.0" "STV_Critical_sem"
5 "ST_Thread" "Critical Section (spinlock)" "0.0 1.0 0.0" "STV_Critical_spin"
5 "ST_Thread" "Critical Section (mutex)" "0.0 1.0 0.0" "STV_Critical_mutex"
5 "ST_Thread" "Critical Section (condition)" "0.0 1.0 0.0" "STV_Critical_condition"
5 "ST_Thread" "Critical Section (rwlock)" "0.0 1.0 0.0" "STV_Critical_rwlock"
4 "OpenMP Parallel Section" "CT_Program" "CT_Thread" "CT_Thread" "GOMP_Section_Link"
5 "ST_Thread" "GOMP_Section_State" "1.0 0.0 1.0" "GOMP_Section_State"
5 "ST_Thread" "GOMP_Critical" "0.0 1.0 0.0" "GOMP_Critical"
5 "ST_Thread" "GOMP_Atomic" "0.0 1.0 0.0" "GOMP_Atomic"
5 "ST_Thread" "GOMP_Barrier" "1.0 0.6 0.0" "GOMP_Barrier"
5 "ST_Thread" "GOMP_Implicit_Barrier" "1.0 0.0 0.0" "GOMP_Implicit_Barrier"
5 "ST_Thread" "GOMP_For" "0.8 0.8 0.8" "GOMP_For"
5 "ST_Thread" "GOMP_Master" "1.0 1.0 1.0" "GOMP_Master"
5 "ST_Thread" "Blocked on an OpenMP lock" "1.0 0.0 0.0" "STV_GOMP_Lock"
5 "ST_Thread" "Holding an OpenMP lock" "0.0 1.0 0.0" "STV_GOMP_Locked"
5 "ST_Thread" "Blocked on an OpenMP nested lock" "1.0 0.0 0.0" "STV_GOMP_NLock"
5 "ST_Thread" "Holding an OpenMP nested lock" "0.0 1.0 0.0" "STV_GOMP_NLocked"
5 "ST_Thread" "GOMP_TaskWait" "1.0 0.6 0.0" "GOMP_TaskWait"
5 "ST_Thread" "GOMP_Task" "1.0 1.0 1.0" "GOMP_Task"
5 "ST_Thread" "GOMP_Task" "0.0 1.0 1.0" "GOMP_Untied_Task"
5 "ST_Thread" "Creating an OpenMP Task" "0.3 0.4 0.1" "GOMP_Task_Create"
5 "ST_Thread" "Creating an OpenMP Task" "0.1 0.5 0.8" "GOMP_Untied_Task_Create"
5 "ST_Thread" "Sending" "1.0 0.6 0.0" "STV_MPI_Send"
5 "ST_Thread" "MPI_Isend" "1.0 0.6 0.0" "STV_MPI_Isend"
5 "ST_Thread" "MPI_Ibsend" "1.0 0.6 0.0" "STV_MPI_Ibsend"
5 "ST_Thread" "MPI_Issend" "1.0 0.6 0.0" "STV_MPI_Issend"
5 "ST_Thread" "MPI_Irsend" "1.0 0.6 0.0" "STV_MPI_Irsend"
5 "ST_Thread" "SendRecv" "1.0 0.6 0.0" "STV_MPI_Sendrecv"
5 "ST_Thread" "Receiving" "0.6 0.1 0.9" "STV_MPI_Recv"
5 "ST_Thread" "MPI_Irecv" "0.6 0.1 0.9" "STV_MPI_Irecv"
5 "ST_Thread" "MPI_Wait" "1.0 0.0 0.0" "STV_MPI_Wait"
5 "ST_Thread" "MPI_Barrier" "1.0 0.0 1.0" "STV_MPI_Barrier"
5 "ST_Thread" "MPI_BCast" "1.0 0.0 1.0" "STV_MPI_BCast"
5 "ST_Thread" "MPI_Gather" "1.0 0.0 1.0" "STV_MPI_Gather"
5 "ST_Thread" "MPI_Scatter" "1.0 0.0 1.0" "STV_MPI_Scatter"
5 "ST_Thread" "MPI_Allgather" "1.0 0.0 1.0" "STV_MPI_Allgather"
5 "ST_Thread" "MPI_Alltoall" "1.0 0.0 1.0" "STV_MPI_Alltoall"
5 "ST_Thread" "MPI_Reduce" "1.0 0.0 1.0" "STV_MPI_Reduce"
5 "ST_Thread" "MPI_Allreduce" "1.0 0.0 1.0" "STV_MPI_Allreduce"
5 "ST_Thread" "MPI_Reduce_scatter" "1.0 0.0 1.0" "STV_MPI_reduce_scatter"
5 "ST_Thread" "MPI_Scan" "1.0 0.0 1.0" "STV_MPI_Scan"
5 "ST_Thread" "MPI_Ibarrier" "1.0 0.0 1.0" "STV_MPI_Ibarrier"
5 "ST_Thread" "MPI_Ibcast" "1.0 0.0 1.0" "STV_MPI_Ibcast"
5 "ST_Thread" "MPI_Igather" "1.0 0.0 1.0" "STV_MPI_Igather"
5 "ST_Thread" "MPI_Iscatter" "1.0 0.0 1.0" "STV_MPI_Iscatter"
5 "ST_Thread" "MPI_Iallgather" "1.0 0.0 1.0" "STV_MPI_Iallgather"
5 "ST_Thread" "MPI_Ialltoall" "1.0 0.0 1.0" "STV_MPI_Ialltoall"
5 "ST_Thread" "MPI_Ireduce" "1.0 0.0 1.0" "STV_MPI_Ireduce"
5 "ST_Thread" "MPI_Iallreduce" "1.0 0.0 1.0" "STV_MPI_Iallreduce"
5 "ST_Thread" "MPI_Ireduce_scatter" "1.0 0.0 1.0" "STV_MPI_Ireduce_scatter"
5 "ST_Thread" "MPI_Iscan" "1.0 0.0 1.0" "STV_MPI_Iscan"
5 "ST_Thread" "MPI_Overlap" "1.0 1.0 0.0" "STV_MPI_Overlap"
5 "ST_Thread" "MPI_Probe" "0.6 0.1 0.9" "STV_MPI_Probe"
4 "MPI collective communication" "CT_Program" "CT_Thread" "CT_Thread" "L_MPI_Coll"
4 "MPI point to point communication" "CT_Program" "CT_Thread" "CT_Thread" "L_MPI_P2P"
4 "MPI SPAWN" "CT_Program" "CT_Thread" "CT_Thread" "L_MPI_SPAWN"
2 "MPI Send" "CT_Thread" "E_MPI_CommSend"
2 "MPI Recv" "CT_Thread" "E_MPI_CommRecv"
2 "End of an MPI communication" "CT_Thread" "E_MPI_EndComm"
2 "MPI_Probe" "CT_Thread" "E_MPI_Probe_success"
2 "MPI_IProbe success" "CT_Thread" "E_MPI_Iprobe_success"
2 "MPI_IProbe failed" "CT_Thread" "E_MPI_Iprobe_failed"
3 "Memory used" "CT_Process" "0 0 0" "V_Mem"
7 0.0000000000000e+00 "Program" "CT_Program" 0 "C_Prog"
7 0.0000000000000e+00 "P#0" "CT_Process" "C_Prog" "P#0"
7 0.0000000000000e+00 "P#0_T#3680881472" "CT_Thread" "P#0" "P#0_T#3680881472"
10 0.0000000000000e+00 "ST_Thread" "P#0_T#3680881472" "STV_Working"
7 0.0000000000000e+00 "P#1" "CT_Process" "C_Prog" "P#1"
7 0.0000000000000e+00 "P#1_T#3696544576" "CT_Thread" "P#1" "P#1_T#3696544576"
10 0.0000000000000e+00 "ST_Thread" "P#1_T#3696544576" "STV_Working"
7 0.0000000000000e+00 "P#2" "CT_Process" "C_Prog" "P#2"
7 0.0000000000000e+00 "P#2_T#333392704" "CT_Thread" "P#2" "P#2_T#333392704"
10 0.0000000000000e+00 "ST_Thread" "P#2_T#333392704" "STV_Working"
7 0.0000000000000e+00 "P#3" "CT_Process" "C_Prog" "P#3"
7 0.0000000000000e+00 "P#3_T#3128527680" "CT_Thread" "P#3" "P#3_T#3128527680"
10 0.0000000000000e+00 "ST_Thread" "P#3_T#3128527680" "STV_Working"
11 1.6880000000000e-02 "ST_Thread" "P#2_T#333392704" "STV_MPI_Barrier"
40 1.6880000000000e-02 "L_MPI_Coll" "C_Prog" "P#2_T#333392704" "src=2, dest=3" "2_3_0x7f256c040350"
40 1.6880000000000e-02 "L_MPI_Coll" "C_Prog" "P#2_T#333392704" "src=2, dest=1" "2_1_0x7f256c040350"
40 1.6880000000000e-02 "L_MPI_Coll" "C_Prog" "P#2_T#333392704" "src=2, dest=0" "2_0_0x7f256c040350"
11 1.7223000000000e-02 "ST_Thread" "P#3_T#3128527680" "STV_MPI_Barrier"
40 1.7223000000000e-02 "L_MPI_Coll" "C_Prog" "P#3_T#3128527680" "src=3, dest=2" "3_2_0x7f256c040350"
40 1.7223000000000e-02 "L_MPI_Coll" "C_Prog" "P#3_T#3128527680" "src=3, dest=1" "3_1_0x7f256c040350"
40 1.7223000000000e-02 "L_MPI_Coll" "C_Prog" "P#3_T#3128527680" "src=3, dest=0" "3_0_0x7f256c040350"
11 2.0142000000000e-02 "ST_Thread" "P#1_T#3696544576" "STV_MPI_Barrier"
40 2.0142000000000e-02 "L_MPI_Coll" "C_Prog" "P#1_T#3696544576" "src=1, dest=2" "1_2_0x7f256c040350"
40 2.0142000000000e-02 "L_MPI_Coll" "C_Prog" "P#1_T#3696544576" "src=1, dest=3" "1_3_0x7f256c040350"
40 2.0142000000000e-02 "L_MPI_Coll" "C_Prog" "P#1_T#3696544576" "src=1, dest=0" "1_0_0x7f256c040350"
11 4.3852000000000e-02 "ST_Thread" "P#0_T#3680881472" "STV_MPI_Barrier"
40 4.3852000000000e-02 "L_MPI_Coll" "C_Prog" "P#0_T#3680881472" "src=0, dest=1" "0_1_0x7f256c040350"
40 4.3852000000000e-02 "L_MPI_Coll" "C_Prog" "P#0_T#3680881472" "src=0, dest=2" "0_2_0x7f256c040350"
40 4.3852000000000e-02 "L_MPI_Coll" "C_Prog" "P#0_T#3680881472" "src=0, dest=3" "0_3_0x7f256c040350"
12 4.5479000000000e-02 "ST_Thread" "P#2_T#333392704"
41 4.5479000000000e-02 "L_MPI_Coll" "C_Prog" "P#2_T#333392704" "src=0, dest=2" "0_2_0x7f256c040350"
41 4.5479000000000e-02 "L_MPI_Coll" "C_Prog" "P#2_T#333392704" "src=1, dest=2" "1_2_0x7f256c040350"
41 4.5479000000000e-02 "L_MPI_Coll" "C_Prog" "P#2_T#333392704" "src=3, dest=2" "3_2_0x7f256c040350"
11 4.6891000000000e-02 "ST_Thread" "P#2_T#333392704" "STV_MPI_Recv"
41 4.8023000000000e-02 "L_MPI_Coll" "C_Prog" "P#0_T#3680881472" "src=2, dest=0" "2_0_0x7f256c040350"
12 4.8023000000000e-02 "ST_Thread" "P#0_T#3680881472"
41 4.8023000000000e-02 "L_MPI_Coll" "C_Prog" "P#0_T#3680881472" "src=1, dest=0" "1_0_0x7f256c040350"
41 4.8023000000000e-02 "L_MPI_Coll" "C_Prog" "P#0_T#3680881472" "src=3, dest=0" "3_0_0x7f256c040350"
41 4.8364000000000e-02 "L_MPI_Coll" "C_Prog" "P#1_T#3696544576" "src=0, dest=1" "0_1_0x7f256c040350"
41 4.8364000000000e-02 "L_MPI_Coll" "C_Prog" "P#1_T#3696544576" "src=2, dest=1" "2_1_0x7f256c040350"
12 4.8364000000000e-02 "ST_Thread" "P#1_T#3696544576"
41 4.8364000000000e-02 "L_MPI_Coll" "C_Prog" "P#1_T#3696544576" "src=3, dest=1" "3_1_0x7f256c040350"
11 5.3786000000000e-02 "ST_Thread" "P#1_T#3696544576" "STV_MPI_Recv"
11 5.5657000000000e-02 "ST_Thread" "P#0_T#3680881472" "STV_MPI_Send"
40 5.5657000000000e-02 "L_MPI_P2P" "C_Prog" "P#0_T#3680881472" "src=0, dest=1, len=1024, tag=0" "0_1_                   0_0x1589870"
41 5.6750000000000e-02 "L_MPI_Coll" "C_Prog" "P#3_T#3128527680" "src=0, dest=3" "0_3_0x7f256c040350"
41 5.6750000000000e-02 "L_MPI_Coll" "C_Prog" "P#3_T#3128527680" "src=1, dest=3" "1_3_0x7f256c040350"
41 5.6750000000000e-02 "L_MPI_Coll" "C_Prog" "P#3_T#3128527680" "src=2, dest=3" "2_3_0x7f256c040350"
12 5.6750000000000e-02 "ST_Thread" "P#3_T#3128527680"
11 5.7998000000000e-02 "ST_Thread" "P#3_T#3128527680" "STV_MPI_Recv"
12 6.1392000000000e-02 "ST_Thread" "P#0_T#3680881472"
11 6.2097000000000e-02 "ST_Thread" "P#0_T#3680881472" "STV_MPI_Recv"
41 6.2424000000000e-02 "L_MPI_P2P" "C_Prog" "P#1_T#3696544576" "src=0, dest=1, len=1024, tag=0" "0_1_                   0_0x1589870"
20 6.2424000000000e-02 "E_MPI_EndComm" "P#1_T#3696544576" "duration = 6.767000 us -- len=33459200 bytes -- throughput=4944465.500000 MB/s"
12 6.2424000000000e-02 "ST_Thread" "P#1_T#3696544576"
11 1.6942000000000e-01 "ST_Thread" "P#1_T#3696544576" "STV_MPI_Send"
40 1.6942000000000e-01 "L_MPI_P2P" "C_Prog" "P#1_T#3696544576" "src=1, dest=2, len=1024, tag=0" "1_2_                   0_0x15990f0"
41 1.7192400000000e-01 "L_MPI_P2P" "C_Prog" "P#2_T#333392704" "src=1, dest=2, len=1024, tag=0" "1_2_                   0_0x15990f0"
20 1.7192400000000e-01 "E_MPI_EndComm" "P#2_T#333392704" "duration = 2.504000 us -- len=33293312 bytes -- throughput=13296051.000000 MB/s"
12 1.7192400000000e-01 "ST_Thread" "P#2_T#333392704"
12 1.7427400000000e-01 "ST_Thread" "P#1_T#3696544576"
11 1.7454400000000e-01 "ST_Thread" "P#1_T#3696544576" "STV_MPI_Barrier"
40 1.7454400000000e-01 "L_MPI_Coll" "C_Prog" "P#1_T#3696544576" "src=1, dest=2" "1_2_0x7f256c040d30"
40 1.7454400000000e-01 "L_MPI_Coll" "C_Prog" "P#1_T#3696544576" "src=1, dest=3" "1_3_0x7f256c040d30"
40 1.7454400000000e-01 "L_MPI_Coll" "C_Prog" "P#1_T#3696544576" "src=1, dest=0" "1_0_0x7f256c040d30"
11 2.7468300000000e-01 "ST_Thread" "P#2_T#333392704" "STV_MPI_Send"
40 2.7468300000000e-01 "L_MPI_P2P" "C_Prog" "P#2_T#333392704" "src=2, dest=3, len=1024, tag=0" "2_3_                   0_0x15a8970"
12 2.7627500000000e-01 "ST_Thread" "P#2_T#333392704"
11 2.7658500000000e-01 "ST_Thread" "P#2_T#333392704" "STV_MPI_Barrier"
40 2.7658500000000e-01 "L_MPI_Coll" "C_Prog" "P#2_T#333392704" "src=2, dest=1" "2_1_0x7f256c040d30"
40 2.7658500000000e-01 "L_MPI_Coll" "C_Prog" "P#2_T#333392704" "src=2, dest=3" "2_3_0x7f256c040d30"
40 2.7658500000000e-01 "L_MPI_Coll" "C_Prog" "P#2_T#333392704" "src=2, dest=0" "2_0_0x7f256c040d30"
41 2.7854400000000e-01 "L_MPI_P2P" "C_Prog" "P#3_T#3128527680" "src=2, dest=3, len=1024, tag=0" "2_3_                   0_0x15a8970"
20 2.7854400000000e-01 "E_MPI_EndComm" "P#3_T#3128527680" "duration = 3.861000 us -- len=33364992 bytes -- throughput=8641541.000000 MB/s"
12 2.7854400000000e-01 "ST_Thread" "P#3_T#3128527680"
11 3.8101900000000e-01 "ST_Thread" "P#3_T#3128527680" "STV_MPI_Send"
40 3.8101900000000e-01 "L_MPI_P2P" "C_Prog" "P#3_T#3128527680" "src=3, dest=0, len=1024, tag=0" "3_0_                   0_0x1579ff0"
12 3.8284600000000e-01 "ST_Thread" "P#3_T#3128527680"
11 3.8318800000000e-01 "ST_Thread" "P#3_T#3128527680" "STV_MPI_Barrier"
40 3.8318800000000e-01 "L_MPI_Coll" "C_Prog" "P#3_T#3128527680" "src=3, dest=1" "3_1_0x7f256c040d30"
40 3.8318800000000e-01 "L_MPI_Coll" "C_Prog" "P#3_T#3128527680" "src=3, dest=2" "3_2_0x7f256c040d30"
40 3.8318800000000e-01 "L_MPI_Coll" "C_Prog" "P#3_T#3128527680" "src=3, dest=0" "3_0_0x7f256c040d30"
11 3.8605000000000e-01 "ST_Thread" "P#2_T#333392704" "STV_EZTRACE_SYNC"
41 3.8649900000000e-01 "L_MPI_P2P" "C_Prog" "P#0_T#3680881472" "src=3, dest=0, len=1024, tag=0" "3_0_                   0_0x1579ff0"
20 3.8649900000000e-01 "E_MPI_EndComm" "P#0_T#3680881472" "duration = 5.480000 us -- len=33371136 bytes -- throughput=6089623.500000 MB/s"
12 3.8649900000000e-01 "ST_Thread" "P#0_T#3680881472"
11 3.8695500000000e-01 "ST_Thread" "P#0_T#3680881472" "STV_MPI_Barrier"
40 3.8695500000000e-01 "L_MPI_Coll" "C_Prog" "P#0_T#3680881472" "src=0, dest=1" "0_1_0x7f256c040d30"
40 3.8695500000000e-01 "L_MPI_Coll" "C_Prog" "P#0_T#3680881472" "src=0, dest=2" "0_2_0x7f256c040d30"
40 3.8695500000000e-01 "L_MPI_Coll" "C_Prog" "P#0_T#3680881472" "src=0, dest=3" "0_3_0x7f256c040d30"
12 3.8695500000000e-01 "ST_Thread" "P#2_T#333392704"
12 3.8695500000000e-01 "ST_Thread" "P#2_T#333392704"
41 3.8695500000000e-01 "L_MPI_Coll" "C_Prog" "P#2_T#333392704" "src=3, dest=2" "3_2_0x7f256c040d30"
41 3.8695500000000e-01 "L_MPI_Coll" "C_Prog" "P#2_T#333392704" "src=0, dest=2" "0_2_0x7f256c040d30"
41 3.8695500000000e-01 "L_MPI_Coll" "C_Prog" "P#2_T#333392704" "src=1, dest=2" "1_2_0x7f256c040d30"
41 3.8713900000000e-01 "L_MPI_Coll" "C_Prog" "P#3_T#3128527680" "src=2, dest=3" "2_3_0x7f256c040d30"
12 3.8713900000000e-01 "ST_Thread" "P#3_T#3128527680"
41 3.8713900000000e-01 "L_MPI_Coll" "C_Prog" "P#3_T#3128527680" "src=0, dest=3" "0_3_0x7f256c040d30"
41 3.8713900000000e-01 "L_MPI_Coll" "C_Prog" "P#3_T#3128527680" "src=1, dest=3" "1_3_0x7f256c040d30"
11 3.8727800000000e-01 "ST_Thread" "P#2_T#333392704" "STV_MPI_Recv"
11 3.8740100000000e-01 "ST_Thread" "P#3_T#3128527680" "STV_MPI_Recv"
41 3.8893000000000e-01 "L_MPI_Coll" "C_Prog" "P#0_T#3680881472" "src=2, dest=0" "2_0_0x7f256c040d30"
41 3.8893000000000e-01 "L_MPI_Coll" "C_Prog" "P#0_T#3680881472" "src=3, dest=0" "3_0_0x7f256c040d30"
12 3.8893000000000e-01 "ST_Thread" "P#0_T#3680881472"
41 3.8893000000000e-01 "L_MPI_Coll" "C_Prog" "P#0_T#3680881472" "src=1, dest=0" "1_0_0x7f256c040d30"
11 3.8921100000000e-01 "ST_Thread" "P#0_T#3680881472" "STV_MPI_Send"
40 3.8921100000000e-01 "L_MPI_P2P" "C_Prog" "P#0_T#3680881472" "src=0, dest=1, len=1024, tag=0" "0_1_                   0_0x15898f8"
41 3.8937500000000e-01 "L_MPI_Coll" "C_Prog" "P#1_T#3696544576" "src=0, dest=1" "0_1_0x7f256c040d30"
41 3.8937500000000e-01 "L_MPI_Coll" "C_Prog" "P#1_T#3696544576" "src=2, dest=1" "2_1_0x7f256c040d30"
41 3.8937500000000e-01 "L_MPI_Coll" "C_Prog" "P#1_T#3696544576" "src=3, dest=1" "3_1_0x7f256c040d30"
12 3.8937500000000e-01 "ST_Thread" "P#1_T#3696544576"
11 3.8977400000000e-01 "ST_Thread" "P#1_T#3696544576" "STV_MPI_Recv"
12 3.8985400000000e-01 "ST_Thread" "P#0_T#3680881472"
11 3.9011400000000e-01 "ST_Thread" "P#0_T#3680881472" "STV_MPI_Recv"
41 3.9059100000000e-01 "L_MPI_P2P" "C_Prog" "P#1_T#3696544576" "src=0, dest=1, len=1024, tag=0" "0_1_                   0_0x15898f8"
20 3.9059100000000e-01 "E_MPI_EndComm" "P#1_T#3696544576" "duration = 1.380000 us -- len=33459200 bytes -- throughput=24245798.000000 MB/s"
12 3.9059100000000e-01 "ST_Thread" "P#1_T#3696544576"
11 4.8998200000000e-01 "ST_Thread" "P#2_T#333392704" "STV_EZTRACE_SYNC"
11 4.9109700000000e-01 "ST_Thread" "P#1_T#3696544576" "STV_MPI_Send"
12 4.9109700000000e-01 "ST_Thread" "P#2_T#333392704"
40 4.9109700000000e-01 "L_MPI_P2P" "C_Prog" "P#1_T#3696544576" "src=1, dest=2, len=1024, tag=0" "1_2_                   0_0x1599178"
41 4.9109700000000e-01 "L_MPI_P2P" "C_Prog" "P#2_T#333392704" "src=1, dest=2, len=1024, tag=0" "1_2_                   0_0x1599178"
20 4.9109700000000e-01 "E_MPI_EndComm" "P#2_T#333392704" "duration = ? (lost due to a synchronization correction) -- len=33293312 bytes -- throughput=? MB/s"
12 4.9109700000000e-01 "ST_Thread" "P#2_T#333392704"
12 4.9206000000000e-01 "ST_Thread" "P#1_T#3696544576"
11 4.9233400000000e-01 "ST_Thread" "P#1_T#3696544576" "STV_MPI_Barrier"
40 4.9233400000000e-01 "L_MPI_Coll" "C_Prog" "P#1_T#3696544576" "src=1, dest=2" "1_2_0x7f256c0417f0"
40 4.9233400000000e-01 "L_MPI_Coll" "C_Prog" "P#1_T#3696544576" "src=1, dest=3" "1_3_0x7f256c0417f0"
40 4.9233400000000e-01 "L_MPI_Coll" "C_Prog" "P#1_T#3696544576" "src=1, dest=0" "1_0_0x7f256c0417f0"
11 5.9170500000000e-01 "ST_Thread" "P#2_T#333392704" "STV_MPI_Send"
40 5.9170500000000e-01 "L_MPI_P2P" "C_Prog" "P#2_T#333392704" "src=2, dest=3, len=1024, tag=0" "2_3_                   0_0x15a89f8"
41 5.9190500000000e-01 "L_MPI_P2P" "C_Prog" "P#3_T#3128527680" "src=2, dest=3, len=1024, tag=0" "2_3_                   0_0x15a89f8"
20 5.9190500000000e-01 "E_MPI_EndComm" "P#3_T#3128527680" "duration = 0.200000 us -- len=33364992 bytes -- throughput=166824960.000000 MB/s"
12 5.9190500000000e-01 "ST_Thread" "P#3_T#3128527680"
12 5.9250800000000e-01 "ST_Thread" "P#2_T#333392704"
11 5.9275000000000e-01 "ST_Thread" "P#2_T#333392704" "STV_MPI_Barrier"
40 5.9275000000000e-01 "L_MPI_Coll" "C_Prog" "P#2_T#333392704" "src=2, dest=1" "2_1_0x7f256c0417f0"
40 5.9275000000000e-01 "L_MPI_Coll" "C_Prog" "P#2_T#333392704" "src=2, dest=3" "2_3_0x7f256c0417f0"
40 5.9275000000000e-01 "L_MPI_Coll" "C_Prog" "P#2_T#333392704" "src=2, dest=0" "2_0_0x7f256c0417f0"
11 6.9260400000000e-01 "ST_Thread" "P#3_T#3128527680" "STV_MPI_Send"
40 6.9260400000000e-01 "L_MPI_P2P" "C_Prog" "P#3_T#3128527680" "src=3, dest=0, len=1024, tag=0" "3_0_                   0_0x157a078"
12 6.9313300000000e-01 "ST_Thread" "P#3_T#3128527680"
11 6.9339400000000e-01 "ST_Thread" "P#3_T#3128527680" "STV_MPI_Barrier"
40 6.9339400000000e-01 "L_MPI_Coll" "C_Prog" "P#3_T#3128527680" "src=3, dest=1" "3_1_0x7f256c0417f0"
40 6.9339400000000e-01 "L_MPI_Coll" "C_Prog" "P#3_T#3128527680" "src=3, dest=2" "3_2_0x7f256c0417f0"
40 6.9339400000000e-01 "L_MPI_Coll" "C_Prog" "P#3_T#3128527680" "src=3, dest=0" "3_0_0x7f256c0417f0"
41 6.9621900000000e-01 "L_MPI_P2P" "C_Prog" "P#0_T#3680881472" "src=3, dest=0, len=1024, tag=0" "3_0_                   0_0x157a078"
20 6.9621900000000e-01 "E_MPI_EndComm" "P#0_T#3680881472" "duration = 3.615000 us -- len=33371136 bytes -- throughput=9231296.000000 MB/s"
12 6.9621900000000e-01 "ST_Thread" "P#0_T#3680881472"
41 6.9639300000000e-01 "L_MPI_Coll" "C_Prog" "P#3_T#3128527680" "src=2, dest=3" "2_3_0x7f256c0417f0"
11 6.9639300000000e-01 "ST_Thread" "P#3_T#3128527680" "STV_EZTRACE_SYNC"
11 6.9660100000000e-01 "ST_Thread" "P#0_T#3680881472" "STV_MPI_Barrier"
40 6.9660100000000e-01 "L_MPI_Coll" "C_Prog" "P#0_T#3680881472" "src=0, dest=1" "0_1_0x7f256c0417f0"
40 6.9660100000000e-01 "L_MPI_Coll" "C_Prog" "P#0_T#3680881472" "src=0, dest=2" "0_2_0x7f256c0417f0"
40 6.9660100000000e-01 "L_MPI_Coll" "C_Prog" "P#0_T#3680881472" "src=0, dest=3" "0_3_0x7f256c0417f0"
12 6.9660100000000e-01 "ST_Thread" "P#3_T#3128527680"
12 6.9660100000000e-01 "ST_Thread" "P#3_T#3128527680"
41 6.9660100000000e-01 "L_MPI_Coll" "C_Prog" "P#3_T#3128527680" "src=0, dest=3" "0_3_0x7f256c0417f0"
41 6.9660100000000e-01 "L_MPI_Coll" "C_Prog" "P#3_T#3128527680" "src=1, dest=3" "1_3_0x7f256c0417f0"
11 6.9683800000000e-01 "ST_Thread" "P#3_T#3128527680" "STV_MPI_Recv"
12 6.9734400000000e-01 "ST_Thread" "P#2_T#333392704"
41 6.9734400000000e-01 "L_MPI_Coll" "C_Prog" "P#2_T#333392704" "src=3, dest=2" "3_2_0x7f256c0417f0"
41 6.9734400000000e-01 "L_MPI_Coll" "C_Prog" "P#2_T#333392704" "src=0, dest=2" "0_2_0x7f256c0417f0"
41 6.9734400000000e-01 "L_MPI_Coll" "C_Prog" "P#2_T#333392704" "src=1, dest=2" "1_2_0x7f256c0417f0"
11 6.9768100000000e-01 "ST_Thread" "P#2_T#333392704" "STV_MPI_Recv"
41 6.9833400000000e-01 "L_MPI_Coll" "C_Prog" "P#0_T#3680881472" "src=2, dest=0" "2_0_0x7f256c0417f0"
41 6.9833400000000e-01 "L_MPI_Coll" "C_Prog" "P#0_T#3680881472" "src=3, dest=0" "3_0_0x7f256c0417f0"
12 6.9833400000000e-01 "ST_Thread" "P#0_T#3680881472"
41 6.9833400000000e-01 "L_MPI_Coll" "C_Prog" "P#0_T#3680881472" "src=1, dest=0" "1_0_0x7f256c0417f0"
11 6.9862800000000e-01 "ST_Thread" "P#0_T#3680881472" "STV_MPI_Send"
40 6.9862800000000e-01 "L_MPI_P2P" "C_Prog" "P#0_T#3680881472" "src=0, dest=1, len=1024, tag=0" "0_1_                   0_0x1589980"
41 6.9865000000000e-01 "L_MPI_Coll" "C_Prog" "P#1_T#3696544576" "src=0, dest=1" "0_1_0x7f256c0417f0"
41 6.9865000000000e-01 "L_MPI_Coll" "C_Prog" "P#1_T#3696544576" "src=2, dest=1" "2_1_0x7f256c0417f0"
41 6.9865000000000e-01 "L_MPI_Coll" "C_Prog" "P#1_T#3696544576" "src=3, dest=1" "3_1_0x7f256c0417f0"
12 6.9865000000000e-01 "ST_Thread" "P#1_T#3696544576"
11 6.9888200000000e-01 "ST_Thread" "P#1_T#3696544576" "STV_MPI_Recv"
12 6.9917400000000e-01 "ST_Thread" "P#0_T#3680881472"
11 6.9942100000000e-01 "ST_Thread" "P#0_T#3680881472" "STV_MPI_Recv"
41 6.9953500000000e-01 "L_MPI_P2P" "C_Prog" "P#1_T#3696544576" "src=0, dest=1, len=1024, tag=0" "0_1_                   0_0x1589980"
20 6.9953500000000e-01 "E_MPI_EndComm" "P#1_T#3696544576" "duration = 0.907000 us -- len=33459200 bytes -- throughput=36889968.000000 MB/s"
12 6.9953500000000e-01 "ST_Thread" "P#1_T#3696544576"
11 7.9979800000000e-01 "ST_Thread" "P#2_T#333392704" "STV_EZTRACE_SYNC"
11 8.0004800000000e-01 "ST_Thread" "P#1_T#3696544576" "STV_MPI_Send"
12 8.0004800000000e-01 "ST_Thread" "P#2_T#333392704"
40 8.0004800000000e-01 "L_MPI_P2P" "C_Prog" "P#1_T#3696544576" "src=1, dest=2, len=1024, tag=0" "1_2_                   0_0x1599200"
41 8.0004800000000e-01 "L_MPI_P2P" "C_Prog" "P#2_T#333392704" "src=1, dest=2, len=1024, tag=0" "1_2_                   0_0x1599200"
20 8.0004800000000e-01 "E_MPI_EndComm" "P#2_T#333392704" "duration = ? (lost due to a synchronization correction) -- len=33293312 bytes -- throughput=? MB/s"
12 8.0004800000000e-01 "ST_Thread" "P#2_T#333392704"
12 8.0080100000000e-01 "ST_Thread" "P#1_T#3696544576"
11 8.0101800000000e-01 "ST_Thread" "P#1_T#3696544576" "STV_MPI_Barrier"
40 8.0101800000000e-01 "L_MPI_Coll" "C_Prog" "P#1_T#3696544576" "src=1, dest=2" "1_2_0x7f256c0422b0"
40 8.0101800000000e-01 "L_MPI_Coll" "C_Prog" "P#1_T#3696544576" "src=1, dest=3" "1_3_0x7f256c0422b0"
40 8.0101800000000e-01 "L_MPI_Coll" "C_Prog" "P#1_T#3696544576" "src=1, dest=0" "1_0_0x7f256c0422b0"
11 9.0029700000000e-01 "ST_Thread" "P#3_T#3128527680" "STV_EZTRACE_SYNC"
11 9.0038300000000e-01 "ST_Thread" "P#2_T#333392704" "STV_MPI_Send"
12 9.0038300000000e-01 "ST_Thread" "P#3_T#3128527680"
40 9.0038300000000e-01 "L_MPI_P2P" "C_Prog" "P#2_T#333392704" "src=2, dest=3, len=1024, tag=0" "2_3_                   0_0x15a8a80"
41 9.0038300000000e-01 "L_MPI_P2P" "C_Prog" "P#3_T#3128527680" "src=2, dest=3, len=1024, tag=0" "2_3_                   0_0x15a8a80"
20 9.0038300000000e-01 "E_MPI_EndComm" "P#3_T#3128527680" "duration = ? (lost due to a synchronization correction) -- len=33364992 bytes -- throughput=? MB/s"
12 9.0038300000000e-01 "ST_Thread" "P#3_T#3128527680"
12 9.0105900000000e-01 "ST_Thread" "P#2_T#333392704"
11 9.0129400000000e-01 "ST_Thread" "P#2_T#333392704" "STV_MPI_Barrier"
40 9.0129400000000e-01 "L_MPI_Coll" "C_Prog" "P#2_T#333392704" "src=2, dest=1" "2_1_0x7f256c0422b0"
40 9.0129400000000e-01 "L_MPI_Coll" "C_Prog" "P#2_T#333392704" "src=2, dest=3" "2_3_0x7f256c0422b0"
40 9.0129400000000e-01 "L_MPI_Coll" "C_Prog" "P#2_T#333392704" "src=2, dest=0" "2_0_0x7f256c0422b0"
11 1.0008190000000e+00 "ST_Thread" "P#3_T#3128527680" "STV_MPI_Send"
40 1.0008190000000e+00 "L_MPI_P2P" "C_Prog" "P#3_T#3128527680" "src=3, dest=0, len=1024, tag=0" "3_0_                   0_0x157a100"
12 1.0015880000000e+00 "ST_Thread" "P#3_T#3128527680"
11 1.0017970000000e+00 "ST_Thread" "P#3_T#3128527680" "STV_MPI_Barrier"
40 1.0017970000000e+00 "L_MPI_Coll" "C_Prog" "P#3_T#3128527680" "src=3, dest=1" "3_1_0x7f256c0422b0"
40 1.0017970000000e+00 "L_MPI_Coll" "C_Prog" "P#3_T#3128527680" "src=3, dest=2" "3_2_0x7f256c0422b0"
40 1.0017970000000e+00 "L_MPI_Coll" "C_Prog" "P#3_T#3128527680" "src=3, dest=0" "3_0_0x7f256c0422b0"
41 1.0044630000000e+00 "L_MPI_P2P" "C_Prog" "P#0_T#3680881472" "src=3, dest=0, len=1024, tag=0" "3_0_                   0_0x157a100"
20 1.0044630000000e+00 "E_MPI_EndComm" "P#0_T#3680881472" "duration = 3.644000 us -- len=33371136 bytes -- throughput=9157831.000000 MB/s"
12 1.0044630000000e+00 "ST_Thread" "P#0_T#3680881472"
11 1.0048080000000e+00 "ST_Thread" "P#0_T#3680881472" "STV_MPI_Barrier"
40 1.0048080000000e+00 "L_MPI_Coll" "C_Prog" "P#0_T#3680881472" "src=0, dest=1" "0_1_0x7f256c0422b0"
40 1.0048080000000e+00 "L_MPI_Coll" "C_Prog" "P#0_T#3680881472" "src=0, dest=2" "0_2_0x7f256c0422b0"
40 1.0048080000000e+00 "L_MPI_Coll" "C_Prog" "P#0_T#3680881472" "src=0, dest=3" "0_3_0x7f256c0422b0"
12 1.0067730000000e+00 "ST_Thread" "P#0_T#3680881472"
41 1.0067730000000e+00 "L_MPI_Coll" "C_Prog" "P#0_T#3680881472" "src=1, dest=0" "1_0_0x7f256c0422b0"
41 1.0067730000000e+00 "L_MPI_Coll" "C_Prog" "P#0_T#3680881472" "src=3, dest=0" "3_0_0x7f256c0422b0"
41 1.0067730000000e+00 "L_MPI_Coll" "C_Prog" "P#0_T#3680881472" "src=2, dest=0" "2_0_0x7f256c0422b0"
41 1.0069170000000e+00 "L_MPI_Coll" "C_Prog" "P#1_T#3696544576" "src=0, dest=1" "0_1_0x7f256c0422b0"
12 1.0069170000000e+00 "ST_Thread" "P#1_T#3696544576"
41 1.0069170000000e+00 "L_MPI_Coll" "C_Prog" "P#1_T#3696544576" "src=3, dest=1" "3_1_0x7f256c0422b0"
41 1.0069170000000e+00 "L_MPI_Coll" "C_Prog" "P#1_T#3696544576" "src=2, dest=1" "2_1_0x7f256c0422b0"
11 1.0070640000000e+00 "ST_Thread" "P#0_T#3680881472" "STV_MPI_Send"
40 1.0070640000000e+00 "L_MPI_P2P" "C_Prog" "P#0_T#3680881472" "src=0, dest=1, len=1024, tag=0" "0_1_                   0_0x1589a08"
11 1.0071740000000e+00 "ST_Thread" "P#1_T#3696544576" "STV_MPI_Recv"
12 1.0075610000000e+00 "ST_Thread" "P#0_T#3680881472"
11 1.0078020000000e+00 "ST_Thread" "P#0_T#3680881472" "STV_MPI_Recv"
41 1.0078420000000e+00 "L_MPI_P2P" "C_Prog" "P#1_T#3696544576" "src=0, dest=1, len=1024, tag=0" "0_1_                   0_0x1589a08"
20 1.0078420000000e+00 "E_MPI_EndComm" "P#1_T#3696544576" "duration = 0.778000 us -- len=33459200 bytes -- throughput=43006684.000000 MB/s"
12 1.0078420000000e+00 "ST_Thread" "P#1_T#3696544576"
41 1.0103000000000e+00 "L_MPI_Coll" "C_Prog" "P#3_T#3128527680" "src=0, dest=3" "0_3_0x7f256c0422b0"
41 1.0103000000000e+00 "L_MPI_Coll" "C_Prog" "P#3_T#3128527680" "src=1, dest=3" "1_3_0x7f256c0422b0"
12 1.0103000000000e+00 "ST_Thread" "P#3_T#3128527680"
41 1.0103000000000e+00 "L_MPI_Coll" "C_Prog" "P#3_T#3128527680" "src=2, dest=3" "2_3_0x7f256c0422b0"
11 1.0105640000000e+00 "ST_Thread" "P#3_T#3128527680" "STV_MPI_Recv"
41 1.0110410000000e+00 "L_MPI_Coll" "C_Prog" "P#2_T#333392704" "src=0, dest=2" "0_2_0x7f256c0422b0"
41 1.0110410000000e+00 "L_MPI_Coll" "C_Prog" "P#2_T#333392704" "src=1, dest=2" "1_2_0x7f256c0422b0"
41 1.0110410000000e+00 "L_MPI_Coll" "C_Prog" "P#2_T#333392704" "src=3, dest=2" "3_2_0x7f256c0422b0"
12 1.0110410000000e+00 "ST_Thread" "P#2_T#333392704"
11 1.0114790000000e+00 "ST_Thread" "P#2_T#333392704" "STV_MPI_Recv"
11 1.1082390000000e+00 "ST_Thread" "P#2_T#333392704" "STV_EZTRACE_SYNC"
11 1.1083530000000e+00 "ST_Thread" "P#1_T#3696544576" "STV_MPI_Send"
12 1.1083530000000e+00 "ST_Thread" "P#2_T#333392704"
40 1.1083530000000e+00 "L_MPI_P2P" "C_Prog" "P#1_T#3696544576" "src=1, dest=2, len=1024, tag=0" "1_2_                   0_0x1599288"
41 1.1083530000000e+00 "L_MPI_P2P" "C_Prog" "P#2_T#333392704" "src=1, dest=2, len=1024, tag=0" "1_2_                   0_0x1599288"
20 1.1083530000000e+00 "E_MPI_EndComm" "P#2_T#333392704" "duration = ? (lost due to a synchronization correction) -- len=33293312 bytes -- throughput=? MB/s"
12 1.1083530000000e+00 "ST_Thread" "P#2_T#333392704"
12 1.1089920000000e+00 "ST_Thread" "P#1_T#3696544576"
11 1.1093200000000e+00 "ST_Thread" "P#1_T#3696544576" "STV_MPI_Barrier"
40 1.1093200000000e+00 "L_MPI_Coll" "C_Prog" "P#1_T#3696544576" "src=1, dest=2" "1_2_0x7f256c042d60"
40 1.1093200000000e+00 "L_MPI_Coll" "C_Prog" "P#1_T#3696544576" "src=1, dest=3" "1_3_0x7f256c042d60"
40 1.1093200000000e+00 "L_MPI_Coll" "C_Prog" "P#1_T#3696544576" "src=1, dest=0" "1_0_0x7f256c042d60"
11 1.2090490000000e+00 "ST_Thread" "P#2_T#333392704" "STV_MPI_Send"
40 1.2090490000000e+00 "L_MPI_P2P" "C_Prog" "P#2_T#333392704" "src=2, dest=3, len=1024, tag=0" "2_3_                   0_0x15a8b08"
41 1.2090700000000e+00 "L_MPI_P2P" "C_Prog" "P#3_T#3128527680" "src=2, dest=3, len=1024, tag=0" "2_3_                   0_0x15a8b08"
20 1.2090700000000e+00 "E_MPI_EndComm" "P#3_T#3128527680" "duration = 0.021000 us -- len=33364992 bytes -- throughput=1588809216.000000 MB/s"
12 1.2090700000000e+00 "ST_Thread" "P#3_T#3128527680"
12 1.2097930000000e+00 "ST_Thread" "P#2_T#333392704"
11 1.2100600000000e+00 "ST_Thread" "P#2_T#333392704" "STV_MPI_Barrier"
40 1.2100600000000e+00 "L_MPI_Coll" "C_Prog" "P#2_T#333392704" "src=2, dest=1" "2_1_0x7f256c042d60"
40 1.2100600000000e+00 "L_MPI_Coll" "C_Prog" "P#2_T#333392704" "src=2, dest=3" "2_3_0x7f256c042d60"
40 1.2100600000000e+00 "L_MPI_Coll" "C_Prog" "P#2_T#333392704" "src=2, dest=0" "2_0_0x7f256c042d60"
11 1.3096730000000e+00 "ST_Thread" "P#3_T#3128527680" "STV_MPI_Send"
40 1.3096730000000e+00 "L_MPI_P2P" "C_Prog" "P#3_T#3128527680" "src=3, dest=0, len=1024, tag=0" "3_0_                   0_0x157a188"
12 1.3108210000000e+00 "ST_Thread" "P#3_T#3128527680"
11 1.3110660000000e+00 "ST_Thread" "P#3_T#3128527680" "STV_MPI_Barrier"
40 1.3110660000000e+00 "L_MPI_Coll" "C_Prog" "P#3_T#3128527680" "src=3, dest=1" "3_1_0x7f256c042d60"
40 1.3110660000000e+00 "L_MPI_Coll" "C_Prog" "P#3_T#3128527680" "src=3, dest=2" "3_2_0x7f256c042d60"
40 1.3110660000000e+00 "L_MPI_Coll" "C_Prog" "P#3_T#3128527680" "src=3, dest=0" "3_0_0x7f256c042d60"
41 1.3134570000000e+00 "L_MPI_P2P" "C_Prog" "P#0_T#3680881472" "src=3, dest=0, len=1024, tag=0" "3_0_                   0_0x157a188"
20 1.3134570000000e+00 "E_MPI_EndComm" "P#0_T#3680881472" "duration = 3.784000 us -- len=33371136 bytes -- throughput=8819011.000000 MB/s"
12 1.3134570000000e+00 "ST_Thread" "P#0_T#3680881472"
41 1.3137800000000e+00 "L_MPI_Coll" "C_Prog" "P#3_T#3128527680" "src=2, dest=3" "2_3_0x7f256c042d60"
11 1.3137800000000e+00 "ST_Thread" "P#3_T#3128527680" "STV_EZTRACE_SYNC"
11 1.3139060000000e+00 "ST_Thread" "P#0_T#3680881472" "STV_MPI_Barrier"
40 1.3139060000000e+00 "L_MPI_Coll" "C_Prog" "P#0_T#3680881472" "src=0, dest=1" "0_1_0x7f256c042d60"
40 1.3139060000000e+00 "L_MPI_Coll" "C_Prog" "P#0_T#3680881472" "src=0, dest=2" "0_2_0x7f256c042d60"
40 1.3139060000000e+00 "L_MPI_Coll" "C_Prog" "P#0_T#3680881472" "src=0, dest=3" "0_3_0x7f256c042d60"
12 1.3139060000000e+00 "ST_Thread" "P#3_T#3128527680"
12 1.3139060000000e+00 "ST_Thread" "P#3_T#3128527680"
41 1.3139060000000e+00 "L_MPI_Coll" "C_Prog" "P#3_T#3128527680" "src=0, dest=3" "0_3_0x7f256c042d60"
41 1.3139060000000e+00 "L_MPI_Coll" "C_Prog" "P#3_T#3128527680" "src=1, dest=3" "1_3_0x7f256c042d60"
11 1.3141290000000e+00 "ST_Thread" "P#3_T#3128527680" "STV_MPI_Recv"
12 1.3147860000000e+00 "ST_Thread" "P#2_T#333392704"
41 1.3147860000000e+00 "L_MPI_Coll" "C_Prog" "P#2_T#333392704" "src=3, dest=2" "3_2_0x7f256c042d60"
41 1.3147860000000e+00 "L_MPI_Coll" "C_Prog" "P#2_T#333392704" "src=0, dest=2" "0_2_0x7f256c042d60"
41 1.3147860000000e+00 "L_MPI_Coll" "C_Prog" "P#2_T#333392704" "src=1, dest=2" "1_2_0x7f256c042d60"
11 1.3150510000000e+00 "ST_Thread" "P#2_T#333392704" "STV_MPI_Recv"
41 1.3154480000000e+00 "L_MPI_Coll" "C_Prog" "P#0_T#3680881472" "src=2, dest=0" "2_0_0x7f256c042d60"
41 1.3154480000000e+00 "L_MPI_Coll" "C_Prog" "P#0_T#3680881472" "src=3, dest=0" "3_0_0x7f256c042d60"
12 1.3154480000000e+00 "ST_Thread" "P#0_T#3680881472"
41 1.3154480000000e+00 "L_MPI_Coll" "C_Prog" "P#0_T#3680881472" "src=1, dest=0" "1_0_0x7f256c042d60"
11 1.3157280000000e+00 "ST_Thread" "P#0_T#3680881472" "STV_MPI_Send"
40 1.3157280000000e+00 "L_MPI_P2P" "C_Prog" "P#0_T#3680881472" "src=0, dest=1, len=1024, tag=0" "0_1_                   0_0x1589a90"
41 1.3158520000000e+00 "L_MPI_Coll" "C_Prog" "P#1_T#3696544576" "src=0, dest=1" "0_1_0x7f256c042d60"
41 1.3158520000000e+00 "L_MPI_Coll" "C_Prog" "P#1_T#3696544576" "src=2, dest=1" "2_1_0x7f256c042d60"
41 1.3158520000000e+00 "L_MPI_Coll" "C_Prog" "P#1_T#3696544576" "src=3, dest=1" "3_1_0x7f256c042d60"
12 1.3158520000000e+00 "ST_Thread" "P#1_T#3696544576"
11 1.3161140000000e+00 "ST_Thread" "P#1_T#3696544576" "STV_MPI_Recv"
12 1.3161240000000e+00 "ST_Thread" "P#0_T#3680881472"
11 1.3163650000000e+00 "ST_Thread" "P#0_T#3680881472" "STV_MPI_Recv"
41 1.3175860000000e+00 "L_MPI_P2P" "C_Prog" "P#1_T#3696544576" "src=0, dest=1, len=1024, tag=0" "0_1_                   0_0x1589a90"
20 1.3175860000000e+00 "E_MPI_EndComm" "P#1_T#3696544576" "duration = 1.858000 us -- len=33459200 bytes -- throughput=18008180.000000 MB/s"
12 1.3175860000000e+00 "ST_Thread" "P#1_T#3696544576"
11 1.4180180000000e+00 "ST_Thread" "P#1_T#3696544576" "STV_MPI_Send"
40 1.4180180000000e+00 "L_MPI_P2P" "C_Prog" "P#1_T#3696544576" "src=1, dest=2, len=1024, tag=0" "1_2_                   0_0x1599310"
12 1.4185880000000e+00 "ST_Thread" "P#1_T#3696544576"
11 1.4187760000000e+00 "ST_Thread" "P#1_T#3696544576" "STV_MPI_Barrier"
40 1.4187760000000e+00 "L_MPI_Coll" "C_Prog" "P#1_T#3696544576" "src=1, dest=2" "1_2_0x7f256c043810"
40 1.4187760000000e+00 "L_MPI_Coll" "C_Prog" "P#1_T#3696544576" "src=1, dest=3" "1_3_0x7f256c043810"
40 1.4187760000000e+00 "L_MPI_Coll" "C_Prog" "P#1_T#3696544576" "src=1, dest=0" "1_0_0x7f256c043810"
41 1.4192090000000e+00 "L_MPI_P2P" "C_Prog" "P#2_T#333392704" "src=1, dest=2, len=1024, tag=0" "1_2_                   0_0x1599310"
20 1.4192090000000e+00 "E_MPI_EndComm" "P#2_T#333392704" "duration = 1.191000 us -- len=33293312 bytes -- throughput=27954082.000000 MB/s"
12 1.4192090000000e+00 "ST_Thread" "P#2_T#333392704"
11 1.5196680000000e+00 "ST_Thread" "P#2_T#333392704" "STV_MPI_Send"
40 1.5196680000000e+00 "L_MPI_P2P" "C_Prog" "P#2_T#333392704" "src=2, dest=3, len=1024, tag=0" "2_3_                   0_0x15a8b90"
12 1.5203160000000e+00 "ST_Thread" "P#2_T#333392704"
11 1.5205860000000e+00 "ST_Thread" "P#2_T#333392704" "STV_MPI_Barrier"
40 1.5205860000000e+00 "L_MPI_Coll" "C_Prog" "P#2_T#333392704" "src=2, dest=1" "2_1_0x7f256c043810"
40 1.5205860000000e+00 "L_MPI_Coll" "C_Prog" "P#2_T#333392704" "src=2, dest=3" "2_3_0x7f256c043810"
40 1.5205860000000e+00 "L_MPI_Coll" "C_Prog" "P#2_T#333392704" "src=2, dest=0" "2_0_0x7f256c043810"
41 1.5206410000000e+00 "L_MPI_P2P" "C_Prog" "P#3_T#3128527680" "src=2, dest=3, len=1024, tag=0" "2_3_                   0_0x15a8b90"
20 1.5206410000000e+00 "E_MPI_EndComm" "P#3_T#3128527680" "duration = 0.973000 us -- len=33364992 bytes -- throughput=34290844.000000 MB/s"
12 1.5206410000000e+00 "ST_Thread" "P#3_T#3128527680"
11 1.6211750000000e+00 "ST_Thread" "P#3_T#3128527680" "STV_MPI_Send"
40 1.6211750000000e+00 "L_MPI_P2P" "C_Prog" "P#3_T#3128527680" "src=3, dest=0, len=1024, tag=0" "3_0_                   0_0x157a210"
12 1.6217050000000e+00 "ST_Thread" "P#3_T#3128527680"
11 1.6219850000000e+00 "ST_Thread" "P#3_T#3128527680" "STV_MPI_Barrier"
40 1.6219850000000e+00 "L_MPI_Coll" "C_Prog" "P#3_T#3128527680" "src=3, dest=1" "3_1_0x7f256c043810"
40 1.6219850000000e+00 "L_MPI_Coll" "C_Prog" "P#3_T#3128527680" "src=3, dest=2" "3_2_0x7f256c043810"
40 1.6219850000000e+00 "L_MPI_Coll" "C_Prog" "P#3_T#3128527680" "src=3, dest=0" "3_0_0x7f256c043810"
41 1.6242850000000e+00 "L_MPI_P2P" "C_Prog" "P#0_T#3680881472" "src=3, dest=0, len=1024, tag=0" "3_0_                   0_0x157a210"
20 1.6242850000000e+00 "E_MPI_EndComm" "P#0_T#3680881472" "duration = 3.110000 us -- len=33371136 bytes -- throughput=10730269.000000 MB/s"
12 1.6242850000000e+00 "ST_Thread" "P#0_T#3680881472"
11 1.6256240000000e+00 "ST_Thread" "P#0_T#3680881472" "STV_MPI_Barrier"
40 1.6256240000000e+00 "L_MPI_Coll" "C_Prog" "P#0_T#3680881472" "src=0, dest=1" "0_1_0x7f256c043810"
40 1.6256240000000e+00 "L_MPI_Coll" "C_Prog" "P#0_T#3680881472" "src=0, dest=2" "0_2_0x7f256c043810"
40 1.6256240000000e+00 "L_MPI_Coll" "C_Prog" "P#0_T#3680881472" "src=0, dest=3" "0_3_0x7f256c043810"
12 1.6269050000000e+00 "ST_Thread" "P#3_T#3128527680"
41 1.6269050000000e+00 "L_MPI_Coll" "C_Prog" "P#3_T#3128527680" "src=0, dest=3" "0_3_0x7f256c043810"
41 1.6269050000000e+00 "L_MPI_Coll" "C_Prog" "P#3_T#3128527680" "src=1, dest=3" "1_3_0x7f256c043810"
41 1.6269050000000e+00 "L_MPI_Coll" "C_Prog" "P#3_T#3128527680" "src=2, dest=3" "2_3_0x7f256c043810"
11 1.6271300000000e+00 "ST_Thread" "P#3_T#3128527680" "STV_MPI_Recv"
41 1.6273260000000e+00 "L_MPI_Coll" "C_Prog" "P#0_T#3680881472" "src=3, dest=0" "3_0_0x7f256c043810"
12 1.6273260000000e+00 "ST_Thread" "P#0_T#3680881472"
41 1.6273260000000e+00 "L_MPI_Coll" "C_Prog" "P#0_T#3680881472" "src=1, dest=0" "1_0_0x7f256c043810"
41 1.6273260000000e+00 "L_MPI_Coll" "C_Prog" "P#0_T#3680881472" "src=2, dest=0" "2_0_0x7f256c043810"
11 1.6275990000000e+00 "ST_Thread" "P#0_T#3680881472" "STV_MPI_Send"
40 1.6275990000000e+00 "L_MPI_P2P" "C_Prog" "P#0_T#3680881472" "src=0, dest=1, len=1024, tag=0" "0_1_                   0_0x1589b18"
41 1.6276480000000e+00 "L_MPI_Coll" "C_Prog" "P#1_T#3696544576" "src=0, dest=1" "0_1_0x7f256c043810"
41 1.6276480000000e+00 "L_MPI_Coll" "C_Prog" "P#1_T#3696544576" "src=3, dest=1" "3_1_0x7f256c043810"
12 1.6276480000000e+00 "ST_Thread" "P#1_T#3696544576"
41 1.6276480000000e+00 "L_MPI_Coll" "C_Prog" "P#1_T#3696544576" "src=2, dest=1" "2_1_0x7f256c043810"
41 1.6278090000000e+00 "L_MPI_Coll" "C_Prog" "P#2_T#333392704" "src=0, dest=2" "0_2_0x7f256c043810"
41 1.6278090000000e+00 "L_MPI_Coll" "C_Prog" "P#2_T#333392704" "src=1, dest=2" "1_2_0x7f256c043810"
41 1.6278090000000e+00 "L_MPI_Coll" "C_Prog" "P#2_T#333392704" "src=3, dest=2" "3_2_0x7f256c043810"
12 1.6278090000000e+00 "ST_Thread" "P#2_T#333392704"
11 1.6279720000000e+00 "ST_Thread" "P#1_T#3696544576" "STV_MPI_Recv"
12 1.6280790000000e+00 "ST_Thread" "P#0_T#3680881472"
11 1.6283140000000e+00 "ST_Thread" "P#0_T#3680881472" "STV_MPI_Recv"
11 1.6286810000000e+00 "ST_Thread" "P#2_T#333392704" "STV_MPI_Recv"
41 1.6286960000000e+00 "L_MPI_P2P" "C_Prog" "P#1_T#3696544576" "src=0, dest=1, len=1024, tag=0" "0_1_                   0_0x1589b18"
20 1.6286960000000e+00 "E_MPI_EndComm" "P#1_T#3696544576" "duration = 1.097000 us -- len=33459200 bytes -- throughput=30500638.000000 MB/s"
12 1.6286960000000e+00 "ST_Thread" "P#1_T#3696544576"
11 1.7290720000000e+00 "ST_Thread" "P#2_T#333392704" "STV_EZTRACE_SYNC"
11 1.7290950000000e+00 "ST_Thread" "P#1_T#3696544576" "STV_MPI_Send"
12 1.7290950000000e+00 "ST_Thread" "P#2_T#333392704"
40 1.7290950000000e+00 "L_MPI_P2P" "C_Prog" "P#1_T#3696544576" "src=1, dest=2, len=1024, tag=0" "1_2_                   0_0x1599398"
41 1.7290950000000e+00 "L_MPI_P2P" "C_Prog" "P#2_T#333392704" "src=1, dest=2, len=1024, tag=0" "1_2_                   0_0x1599398"
20 1.7290950000000e+00 "E_MPI_EndComm" "P#2_T#333392704" "duration = ? (lost due to a synchronization correction) -- len=33293312 bytes -- throughput=? MB/s"
12 1.7290950000000e+00 "ST_Thread" "P#2_T#333392704"
12 1.7297150000000e+00 "ST_Thread" "P#1_T#3696544576"
11 1.7299930000000e+00 "ST_Thread" "P#1_T#3696544576" "STV_MPI_Barrier"
40 1.7299930000000e+00 "L_MPI_Coll" "C_Prog" "P#1_T#3696544576" "src=1, dest=2" "1_2_0x7f256c0442e0"
40 1.7299930000000e+00 "L_MPI_Coll" "C_Prog" "P#1_T#3696544576" "src=1, dest=3" "1_3_0x7f256c0442e0"
40 1.7299930000000e+00 "L_MPI_Coll" "C_Prog" "P#1_T#3696544576" "src=1, dest=0" "1_0_0x7f256c0442e0"
11 1.8296410000000e+00 "ST_Thread" "P#2_T#333392704" "STV_MPI_Send"
40 1.8296410000000e+00 "L_MPI_P2P" "C_Prog" "P#2_T#333392704" "src=2, dest=3, len=1024, tag=0" "2_3_                   0_0x15a8c18"
41 1.8297080000000e+00 "L_MPI_P2P" "C_Prog" "P#3_T#3128527680" "src=2, dest=3, len=1024, tag=0" "2_3_                   0_0x15a8c18"
20 1.8297080000000e+00 "E_MPI_EndComm" "P#3_T#3128527680" "duration = 0.067000 us -- len=33364992 bytes -- throughput=497984928.000000 MB/s"
12 1.8297080000000e+00 "ST_Thread" "P#3_T#3128527680"
12 1.8303050000000e+00 "ST_Thread" "P#2_T#333392704"
11 1.8306690000000e+00 "ST_Thread" "P#2_T#333392704" "STV_MPI_Barrier"
40 1.8306690000000e+00 "L_MPI_Coll" "C_Prog" "P#2_T#333392704" "src=2, dest=1" "2_1_0x7f256c0442e0"
40 1.8306690000000e+00 "L_MPI_Coll" "C_Prog" "P#2_T#333392704" "src=2, dest=3" "2_3_0x7f256c0442e0"
40 1.8306690000000e+00 "L_MPI_Coll" "C_Prog" "P#2_T#333392704" "src=2, dest=0" "2_0_0x7f256c0442e0"
11 1.9300870000000e+00 "ST_Thread" "P#3_T#3128527680" "STV_MPI_Send"
40 1.9300870000000e+00 "L_MPI_P2P" "C_Prog" "P#3_T#3128527680" "src=3, dest=0, len=1024, tag=0" "3_0_                   0_0x157a298"
12 1.9307690000000e+00 "ST_Thread" "P#3_T#3128527680"
11 1.9316190000000e+00 "ST_Thread" "P#3_T#3128527680" "STV_MPI_Barrier"
40 1.9316190000000e+00 "L_MPI_Coll" "C_Prog" "P#3_T#3128527680" "src=3, dest=1" "3_1_0x7f256c0442e0"
40 1.9316190000000e+00 "L_MPI_Coll" "C_Prog" "P#3_T#3128527680" "src=3, dest=2" "3_2_0x7f256c0442e0"
40 1.9316190000000e+00 "L_MPI_Coll" "C_Prog" "P#3_T#3128527680" "src=3, dest=0" "3_0_0x7f256c0442e0"
41 1.9341940000000e+00 "L_MPI_P2P" "C_Prog" "P#0_T#3680881472" "src=3, dest=0, len=1024, tag=0" "3_0_                   0_0x157a298"
20 1.9341940000000e+00 "E_MPI_EndComm" "P#0_T#3680881472" "duration = 4.107000 us -- len=33371136 bytes -- throughput=8125429.000000 MB/s"
12 1.9341940000000e+00 "ST_Thread" "P#0_T#3680881472"
11 1.9345880000000e+00 "ST_Thread" "P#0_T#3680881472" "STV_MPI_Barrier"
40 1.9345880000000e+00 "L_MPI_Coll" "C_Prog" "P#0_T#3680881472" "src=0, dest=1" "0_1_0x7f256c0442e0"
40 1.9345880000000e+00 "L_MPI_Coll" "C_Prog" "P#0_T#3680881472" "src=0, dest=2" "0_2_0x7f256c0442e0"
40 1.9345880000000e+00 "L_MPI_Coll" "C_Prog" "P#0_T#3680881472" "src=0, dest=3" "0_3_0x7f256c0442e0"
12 1.9346100000000e+00 "ST_Thread" "P#3_T#3128527680"
41 1.9346100000000e+00 "L_MPI_Coll" "C_Prog" "P#3_T#3128527680" "src=2, dest=3" "2_3_0x7f256c0442e0"
41 1.9346100000000e+00 "L_MPI_Coll" "C_Prog" "P#3_T#3128527680" "src=0, dest=3" "0_3_0x7f256c0442e0"
41 1.9346100000000e+00 "L_MPI_Coll" "C_Prog" "P#3_T#3128527680" "src=1, dest=3" "1_3_0x7f256c0442e0"
11 1.9348260000000e+00 "ST_Thread" "P#3_T#3128527680" "STV_MPI_Recv"
41 1.9355550000000e+00 "L_MPI_Coll" "C_Prog" "P#2_T#333392704" "src=3, dest=2" "3_2_0x7f256c0442e0"
12 1.9355550000000e+00 "ST_Thread" "P#2_T#333392704"
41 1.9355550000000e+00 "L_MPI_Coll" "C_Prog" "P#2_T#333392704" "src=0, dest=2" "0_2_0x7f256c0442e0"
41 1.9355550000000e+00 "L_MPI_Coll" "C_Prog" "P#2_T#333392704" "src=1, dest=2" "1_2_0x7f256c0442e0"
11 1.9357550000000e+00 "ST_Thread" "P#2_T#333392704" "STV_MPI_Recv"
41 1.9361100000000e+00 "L_MPI_Coll" "C_Prog" "P#0_T#3680881472" "src=2, dest=0" "2_0_0x7f256c0442e0"
41 1.9361100000000e+00 "L_MPI_Coll" "C_Prog" "P#0_T#3680881472" "src=3, dest=0" "3_0_0x7f256c0442e0"
12 1.9361100000000e+00 "ST_Thread" "P#0_T#3680881472"
41 1.9361100000000e+00 "L_MPI_Coll" "C_Prog" "P#0_T#3680881472" "src=1, dest=0" "1_0_0x7f256c0442e0"
11 1.9364050000000e+00 "ST_Thread" "P#0_T#3680881472" "STV_MPI_Send"
40 1.9364050000000e+00 "L_MPI_P2P" "C_Prog" "P#0_T#3680881472" "src=0, dest=1, len=1024, tag=0" "0_1_                   0_0x1589ba0"
41 1.9364400000000e+00 "L_MPI_Coll" "C_Prog" "P#1_T#3696544576" "src=0, dest=1" "0_1_0x7f256c0442e0"
41 1.9364400000000e+00 "L_MPI_Coll" "C_Prog" "P#1_T#3696544576" "src=2, dest=1" "2_1_0x7f256c0442e0"
41 1.9364400000000e+00 "L_MPI_Coll" "C_Prog" "P#1_T#3696544576" "src=3, dest=1" "3_1_0x7f256c0442e0"
12 1.9364400000000e+00 "ST_Thread" "P#1_T#3696544576"
11 1.9367290000000e+00 "ST_Thread" "P#1_T#3696544576" "STV_MPI_Recv"
12 1.9368590000000e+00 "ST_Thread" "P#0_T#3680881472"
11 1.9370930000000e+00 "ST_Thread" "P#0_T#3680881472" "STV_MPI_Recv"
41 1.9373220000000e+00 "L_MPI_P2P" "C_Prog" "P#1_T#3696544576" "src=0, dest=1, len=1024, tag=0" "0_1_                   0_0x1589ba0"
20 1.9373220000000e+00 "E_MPI_EndComm" "P#1_T#3696544576" "duration = 0.917000 us -- len=33459200 bytes -- throughput=36487676.000000 MB/s"
12 1.9373220000000e+00 "ST_Thread" "P#1_T#3696544576"
11 2.0385890000000e+00 "ST_Thread" "P#2_T#333392704" "STV_EZTRACE_SYNC"
11 2.0386220000000e+00 "ST_Thread" "P#1_T#3696544576" "STV_MPI_Send"
12 2.0386220000000e+00 "ST_Thread" "P#2_T#333392704"
40 2.0386220000000e+00 "L_MPI_P2P" "C_Prog" "P#1_T#3696544576" "src=1, dest=2, len=1024, tag=0" "1_2_                   0_0x1599420"
41 2.0386220000000e+00 "L_MPI_P2P" "C_Prog" "P#2_T#333392704" "src=1, dest=2, len=1024, tag=0" "1_2_                   0_0x1599420"
20 2.0386220000000e+00 "E_MPI_EndComm" "P#2_T#333392704" "duration = ? (lost due to a synchronization correction) -- len=33293312 bytes -- throughput=? MB/s"
12 2.0386220000000e+00 "ST_Thread" "P#2_T#333392704"
12 2.0393170000000e+00 "ST_Thread" "P#1_T#3696544576"
11 2.0395910000000e+00 "ST_Thread" "P#1_T#3696544576" "STV_MPI_Barrier"
40 2.0395910000000e+00 "L_MPI_Coll" "C_Prog" "P#1_T#3696544576" "src=1, dest=2" "1_2_0x7f256c044d90"
40 2.0395910000000e+00 "L_MPI_Coll" "C_Prog" "P#1_T#3696544576" "src=1, dest=3" "1_3_0x7f256c044d90"
40 2.0395910000000e+00 "L_MPI_Coll" "C_Prog" "P#1_T#3696544576" "src=1, dest=0" "1_0_0x7f256c044d90"
11 2.1389270000000e+00 "ST_Thread" "P#2_T#333392704" "STV_MPI_Send"
40 2.1389270000000e+00 "L_MPI_P2P" "C_Prog" "P#2_T#333392704" "src=2, dest=3, len=1024, tag=0" "2_3_                   0_0x15a8ca0"
41 2.1390190000000e+00 "L_MPI_P2P" "C_Prog" "P#3_T#3128527680" "src=2, dest=3, len=1024, tag=0" "2_3_                   0_0x15a8ca0"
20 2.1390190000000e+00 "E_MPI_EndComm" "P#3_T#3128527680" "duration = 0.092000 us -- len=33364992 bytes -- throughput=362662944.000000 MB/s"
12 2.1390190000000e+00 "ST_Thread" "P#3_T#3128527680"
12 2.1395710000000e+00 "ST_Thread" "P#2_T#333392704"
11 2.1398340000000e+00 "ST_Thread" "P#2_T#333392704" "STV_MPI_Barrier"
40 2.1398340000000e+00 "L_MPI_Coll" "C_Prog" "P#2_T#333392704" "src=2, dest=1" "2_1_0x7f256c044d90"
40 2.1398340000000e+00 "L_MPI_Coll" "C_Prog" "P#2_T#333392704" "src=2, dest=3" "2_3_0x7f256c044d90"
40 2.1398340000000e+00 "L_MPI_Coll" "C_Prog" "P#2_T#333392704" "src=2, dest=0" "2_0_0x7f256c044d90"
11 2.2395120000000e+00 "ST_Thread" "P#3_T#3128527680" "STV_MPI_Send"
40 2.2395120000000e+00 "L_MPI_P2P" "C_Prog" "P#3_T#3128527680" "src=3, dest=0, len=1024, tag=0" "3_0_                   0_0x157a320"
12 2.2400240000000e+00 "ST_Thread" "P#3_T#3128527680"
11 2.2402460000000e+00 "ST_Thread" "P#3_T#3128527680" "STV_MPI_Barrier"
40 2.2402460000000e+00 "L_MPI_Coll" "C_Prog" "P#3_T#3128527680" "src=3, dest=1" "3_1_0x7f256c044d90"
40 2.2402460000000e+00 "L_MPI_Coll" "C_Prog" "P#3_T#3128527680" "src=3, dest=2" "3_2_0x7f256c044d90"
40 2.2402460000000e+00 "L_MPI_Coll" "C_Prog" "P#3_T#3128527680" "src=3, dest=0" "3_0_0x7f256c044d90"
41 2.2426780000000e+00 "L_MPI_P2P" "C_Prog" "P#0_T#3680881472" "src=3, dest=0, len=1024, tag=0" "3_0_                   0_0x157a320"
20 2.2426780000000e+00 "E_MPI_EndComm" "P#0_T#3680881472" "duration = 3.166000 us -- len=33371136 bytes -- throughput=10540473.000000 MB/s"
12 2.2426780000000e+00 "ST_Thread" "P#0_T#3680881472"
11 2.2431530000000e+00 "ST_Thread" "P#0_T#3680881472" "STV_MPI_Barrier"
40 2.2431530000000e+00 "L_MPI_Coll" "C_Prog" "P#0_T#3680881472" "src=0, dest=1" "0_1_0x7f256c044d90"
40 2.2431530000000e+00 "L_MPI_Coll" "C_Prog" "P#0_T#3680881472" "src=0, dest=2" "0_2_0x7f256c044d90"
40 2.2431530000000e+00 "L_MPI_Coll" "C_Prog" "P#0_T#3680881472" "src=0, dest=3" "0_3_0x7f256c044d90"
12 2.2432700000000e+00 "ST_Thread" "P#3_T#3128527680"
41 2.2432700000000e+00 "L_MPI_Coll" "C_Prog" "P#3_T#3128527680" "src=2, dest=3" "2_3_0x7f256c044d90"
41 2.2432700000000e+00 "L_MPI_Coll" "C_Prog" "P#3_T#3128527680" "src=0, dest=3" "0_3_0x7f256c044d90"
41 2.2432700000000e+00 "L_MPI_Coll" "C_Prog" "P#3_T#3128527680" "src=1, dest=3" "1_3_0x7f256c044d90"
11 2.2434430000000e+00 "ST_Thread" "P#3_T#3128527680" "STV_MPI_Recv"
41 2.2442800000000e+00 "L_MPI_Coll" "C_Prog" "P#2_T#333392704" "src=3, dest=2" "3_2_0x7f256c044d90"
12 2.2442800000000e+00 "ST_Thread" "P#2_T#333392704"
41 2.2442800000000e+00 "L_MPI_Coll" "C_Prog" "P#2_T#333392704" "src=0, dest=2" "0_2_0x7f256c044d90"
41 2.2442800000000e+00 "L_MPI_Coll" "C_Prog" "P#2_T#333392704" "src=1, dest=2" "1_2_0x7f256c044d90"
11 2.2444790000000e+00 "ST_Thread" "P#2_T#333392704" "STV_MPI_Recv"
41 2.2447170000000e+00 "L_MPI_Coll" "C_Prog" "P#0_T#3680881472" "src=2, dest=0" "2_0_0x7f256c044d90"
41 2.2447170000000e+00 "L_MPI_Coll" "C_Prog" "P#0_T#3680881472" "src=3, dest=0" "3_0_0x7f256c044d90"
12 2.2447170000000e+00 "ST_Thread" "P#0_T#3680881472"
41 2.2447170000000e+00 "L_MPI_Coll" "C_Prog" "P#0_T#3680881472" "src=1, dest=0" "1_0_0x7f256c044d90"
41 2.2449990000000e+00 "L_MPI_Coll" "C_Prog" "P#1_T#3696544576" "src=0, dest=1" "0_1_0x7f256c044d90"
41 2.2449990000000e+00 "L_MPI_Coll" "C_Prog" "P#1_T#3696544576" "src=2, dest=1" "2_1_0x7f256c044d90"
41 2.2449990000000e+00 "L_MPI_Coll" "C_Prog" "P#1_T#3696544576" "src=3, dest=1" "3_1_0x7f256c044d90"
12 2.2449990000000e+00 "ST_Thread" "P#1_T#3696544576"
11 2.2450040000000e+00 "ST_Thread" "P#0_T#3680881472" "STV_MPI_Send"
40 2.2450040000000e+00 "L_MPI_P2P" "C_Prog" "P#0_T#3680881472" "src=0, dest=1, len=1024, tag=0" "0_1_                   0_0x1589c28"
11 2.2452170000000e+00 "ST_Thread" "P#1_T#3696544576" "STV_MPI_Recv"
12 2.2462980000000e+00 "ST_Thread" "P#0_T#3680881472"
11 2.2465350000000e+00 "ST_Thread" "P#0_T#3680881472" "STV_MPI_Recv"
41 2.2465980000000e+00 "L_MPI_P2P" "C_Prog" "P#1_T#3696544576" "src=0, dest=1, len=1024, tag=0" "0_1_                   0_0x1589c28"
20 2.2465980000000e+00 "E_MPI_EndComm" "P#1_T#3696544576" "duration = 1.594000 us -- len=33459200 bytes -- throughput=20990716.000000 MB/s"
12 2.2465980000000e+00 "ST_Thread" "P#1_T#3696544576"
11 2.3471000000000e+00 "ST_Thread" "P#1_T#3696544576" "STV_MPI_Send"
40 2.3471000000000e+00 "L_MPI_P2P" "C_Prog" "P#1_T#3696544576" "src=1, dest=2, len=1024, tag=0" "1_2_                   0_0x15994a8"
12 2.3476710000000e+00 "ST_Thread" "P#1_T#3696544576"
11 2.3479030000000e+00 "ST_Thread" "P#1_T#3696544576" "STV_MPI_Barrier"
40 2.3479030000000e+00 "L_MPI_Coll" "C_Prog" "P#1_T#3696544576" "src=1, dest=2" "1_2_0x7f256c045840"
40 2.3479030000000e+00 "L_MPI_Coll" "C_Prog" "P#1_T#3696544576" "src=1, dest=3" "1_3_0x7f256c045840"
40 2.3479030000000e+00 "L_MPI_Coll" "C_Prog" "P#1_T#3696544576" "src=1, dest=0" "1_0_0x7f256c045840"
41 2.3481750000000e+00 "L_MPI_P2P" "C_Prog" "P#2_T#333392704" "src=1, dest=2, len=1024, tag=0" "1_2_                   0_0x15994a8"
20 2.3481750000000e+00 "E_MPI_EndComm" "P#2_T#333392704" "duration = 1.075000 us -- len=33293312 bytes -- throughput=30970522.000000 MB/s"
12 2.3481750000000e+00 "ST_Thread" "P#2_T#333392704"
11 2.4486900000000e+00 "ST_Thread" "P#2_T#333392704" "STV_MPI_Send"
40 2.4486900000000e+00 "L_MPI_P2P" "C_Prog" "P#2_T#333392704" "src=2, dest=3, len=1024, tag=0" "2_3_                   0_0x15a8d28"
41 2.4489890000000e+00 "L_MPI_P2P" "C_Prog" "P#3_T#3128527680" "src=2, dest=3, len=1024, tag=0" "2_3_                   0_0x15a8d28"
20 2.4489890000000e+00 "E_MPI_EndComm" "P#3_T#3128527680" "duration = 0.299000 us -- len=33364992 bytes -- throughput=111588600.000000 MB/s"
12 2.4489890000000e+00 "ST_Thread" "P#3_T#3128527680"
12 2.4495350000000e+00 "ST_Thread" "P#2_T#333392704"
11 2.4498050000000e+00 "ST_Thread" "P#2_T#333392704" "STV_MPI_Barrier"
40 2.4498050000000e+00 "L_MPI_Coll" "C_Prog" "P#2_T#333392704" "src=2, dest=1" "2_1_0x7f256c045840"
40 2.4498050000000e+00 "L_MPI_Coll" "C_Prog" "P#2_T#333392704" "src=2, dest=3" "2_3_0x7f256c045840"
40 2.4498050000000e+00 "L_MPI_Coll" "C_Prog" "P#2_T#333392704" "src=2, dest=0" "2_0_0x7f256c045840"
11 2.5495470000000e+00 "ST_Thread" "P#3_T#3128527680" "STV_MPI_Send"
40 2.5495470000000e+00 "L_MPI_P2P" "C_Prog" "P#3_T#3128527680" "src=3, dest=0, len=1024, tag=0" "3_0_                   0_0x157a3a8"
12 2.5501160000000e+00 "ST_Thread" "P#3_T#3128527680"
11 2.5503250000000e+00 "ST_Thread" "P#3_T#3128527680" "STV_MPI_Barrier"
40 2.5503250000000e+00 "L_MPI_Coll" "C_Prog" "P#3_T#3128527680" "src=3, dest=1" "3_1_0x7f256c045840"
40 2.5503250000000e+00 "L_MPI_Coll" "C_Prog" "P#3_T#3128527680" "src=3, dest=2" "3_2_0x7f256c045840"
40 2.5503250000000e+00 "L_MPI_Coll" "C_Prog" "P#3_T#3128527680" "src=3, dest=0" "3_0_0x7f256c045840"
41 2.5527410000000e+00 "L_MPI_P2P" "C_Prog" "P#0_T#3680881472" "src=3, dest=0, len=1024, tag=0" "3_0_                   0_0x157a3a8"
20 2.5527410000000e+00 "E_MPI_EndComm" "P#0_T#3680881472" "duration = 3.194000 us -- len=33371136 bytes -- throughput=10448070.000000 MB/s"
12 2.5527410000000e+00 "ST_Thread" "P#0_T#3680881472"
11 2.5531410000000e+00 "ST_Thread" "P#0_T#3680881472" "STV_MPI_Barrier"
40 2.5531410000000e+00 "L_MPI_Coll" "C_Prog" "P#0_T#3680881472" "src=0, dest=1" "0_1_0x7f256c045840"
40 2.5531410000000e+00 "L_MPI_Coll" "C_Prog" "P#0_T#3680881472" "src=0, dest=2" "0_2_0x7f256c045840"
40 2.5531410000000e+00 "L_MPI_Coll" "C_Prog" "P#0_T#3680881472" "src=0, dest=3" "0_3_0x7f256c045840"
12 2.5536730000000e+00 "ST_Thread" "P#3_T#3128527680"
41 2.5536730000000e+00 "L_MPI_Coll" "C_Prog" "P#3_T#3128527680" "src=2, dest=3" "2_3_0x7f256c045840"
41 2.5536730000000e+00 "L_MPI_Coll" "C_Prog" "P#3_T#3128527680" "src=0, dest=3" "0_3_0x7f256c045840"
41 2.5536730000000e+00 "L_MPI_Coll" "C_Prog" "P#3_T#3128527680" "src=1, dest=3" "1_3_0x7f256c045840"
11 2.5538910000000e+00 "ST_Thread" "P#3_T#3128527680" "STV_MPI_Recv"
41 2.5546290000000e+00 "L_MPI_Coll" "C_Prog" "P#2_T#333392704" "src=3, dest=2" "3_2_0x7f256c045840"
12 2.5546290000000e+00 "ST_Thread" "P#2_T#333392704"
41 2.5546290000000e+00 "L_MPI_Coll" "C_Prog" "P#2_T#333392704" "src=0, dest=2" "0_2_0x7f256c045840"
41 2.5546290000000e+00 "L_MPI_Coll" "C_Prog" "P#2_T#333392704" "src=1, dest=2" "1_2_0x7f256c045840"
41 2.5548270000000e+00 "L_MPI_Coll" "C_Prog" "P#0_T#3680881472" "src=2, dest=0" "2_0_0x7f256c045840"
41 2.5548270000000e+00 "L_MPI_Coll" "C_Prog" "P#0_T#3680881472" "src=3, dest=0" "3_0_0x7f256c045840"
12 2.5548270000000e+00 "ST_Thread" "P#0_T#3680881472"
41 2.5548270000000e+00 "L_MPI_Coll" "C_Prog" "P#0_T#3680881472" "src=1, dest=0" "1_0_0x7f256c045840"
11 2.5548680000000e+00 "ST_Thread" "P#2_T#333392704" "STV_MPI_Recv"
11 2.5555320000000e+00 "ST_Thread" "P#0_T#3680881472" "STV_MPI_Send"
40 2.5555320000000e+00 "L_MPI_P2P" "C_Prog" "P#0_T#3680881472" "src=0, dest=1, len=1024, tag=0" "0_1_                   0_0x1589cb0"
41 2.5555610000000e+00 "L_MPI_Coll" "C_Prog" "P#1_T#3696544576" "src=0, dest=1" "0_1_0x7f256c045840"
41 2.5555610000000e+00 "L_MPI_Coll" "C_Prog" "P#1_T#3696544576" "src=2, dest=1" "2_1_0x7f256c045840"
41 2.5555610000000e+00 "L_MPI_Coll" "C_Prog" "P#1_T#3696544576" "src=3, dest=1" "3_1_0x7f256c045840"
12 2.5555610000000e+00 "ST_Thread" "P#1_T#3696544576"
11 2.5558770000000e+00 "ST_Thread" "P#1_T#3696544576" "STV_MPI_Recv"
12 2.5560330000000e+00 "ST_Thread" "P#0_T#3680881472"
11 2.5562550000000e+00 "ST_Thread" "P#0_T#3680881472" "STV_MPI_Recv"
41 2.5565400000000e+00 "L_MPI_P2P" "C_Prog" "P#1_T#3696544576" "src=0, dest=1, len=1024, tag=0" "0_1_                   0_0x1589cb0"
20 2.5565400000000e+00 "E_MPI_EndComm" "P#1_T#3696544576" "duration = 1.008000 us -- len=33459200 bytes -- throughput=33193650.000000 MB/s"
12 2.5565400000000e+00 "ST_Thread" "P#1_T#3696544576"
11 2.6570660000000e+00 "ST_Thread" "P#1_T#3696544576" "STV_MPI_Send"
40 2.6570660000000e+00 "L_MPI_P2P" "C_Prog" "P#1_T#3696544576" "src=1, dest=2, len=1024, tag=0" "1_2_                   0_0x1599530"
12 2.6577900000000e+00 "ST_Thread" "P#1_T#3696544576"
41 2.6578160000000e+00 "L_MPI_P2P" "C_Prog" "P#2_T#333392704" "src=1, dest=2, len=1024, tag=0" "1_2_                   0_0x1599530"
20 2.6578160000000e+00 "E_MPI_EndComm" "P#2_T#333392704" "duration = 0.750000 us -- len=33293312 bytes -- throughput=44391084.000000 MB/s"
12 2.6578160000000e+00 "ST_Thread" "P#2_T#333392704"
11 2.6585510000000e+00 "ST_Thread" "P#1_T#3696544576" "STV_MPI_Barrier"
40 2.6585510000000e+00 "L_MPI_Coll" "C_Prog" "P#1_T#3696544576" "src=1, dest=2" "1_2_0x7f256c046310"
40 2.6585510000000e+00 "L_MPI_Coll" "C_Prog" "P#1_T#3696544576" "src=1, dest=3" "1_3_0x7f256c046310"
40 2.6585510000000e+00 "L_MPI_Coll" "C_Prog" "P#1_T#3696544576" "src=1, dest=0" "1_0_0x7f256c046310"
11 2.7581050000000e+00 "ST_Thread" "P#2_T#333392704" "STV_MPI_Send"
40 2.7581050000000e+00 "L_MPI_P2P" "C_Prog" "P#2_T#333392704" "src=2, dest=3, len=1024, tag=0" "2_3_                   0_0x15a8db0"
41 2.7583970000000e+00 "L_MPI_P2P" "C_Prog" "P#3_T#3128527680" "src=2, dest=3, len=1024, tag=0" "2_3_                   0_0x15a8db0"
20 2.7583970000000e+00 "E_MPI_EndComm" "P#3_T#3128527680" "duration = 0.292000 us -- len=33364992 bytes -- throughput=114263672.000000 MB/s"
12 2.7583970000000e+00 "ST_Thread" "P#3_T#3128527680"
12 2.7589230000000e+00 "ST_Thread" "P#2_T#333392704"
11 2.7591850000000e+00 "ST_Thread" "P#2_T#333392704" "STV_MPI_Barrier"
40 2.7591850000000e+00 "L_MPI_Coll" "C_Prog" "P#2_T#333392704" "src=2, dest=1" "2_1_0x7f256c046310"
40 2.7591850000000e+00 "L_MPI_Coll" "C_Prog" "P#2_T#333392704" "src=2, dest=3" "2_3_0x7f256c046310"
40 2.7591850000000e+00 "L_MPI_Coll" "C_Prog" "P#2_T#333392704" "src=2, dest=0" "2_0_0x7f256c046310"
11 2.8591830000000e+00 "ST_Thread" "P#3_T#3128527680" "STV_MPI_Send"
40 2.8591830000000e+00 "L_MPI_P2P" "C_Prog" "P#3_T#3128527680" "src=3, dest=0, len=1024, tag=0" "3_0_                   0_0x157a430"
12 2.8597370000000e+00 "ST_Thread" "P#3_T#3128527680"
11 2.8600750000000e+00 "ST_Thread" "P#3_T#3128527680" "STV_MPI_Barrier"
40 2.8600750000000e+00 "L_MPI_Coll" "C_Prog" "P#3_T#3128527680" "src=3, dest=1" "3_1_0x7f256c046310"
40 2.8600750000000e+00 "L_MPI_Coll" "C_Prog" "P#3_T#3128527680" "src=3, dest=2" "3_2_0x7f256c046310"
40 2.8600750000000e+00 "L_MPI_Coll" "C_Prog" "P#3_T#3128527680" "src=3, dest=0" "3_0_0x7f256c046310"
41 2.8622940000000e+00 "L_MPI_P2P" "C_Prog" "P#0_T#3680881472" "src=3, dest=0, len=1024, tag=0" "3_0_                   0_0x157a430"
20 2.8622940000000e+00 "E_MPI_EndComm" "P#0_T#3680881472" "duration = 3.111000 us -- len=33371136 bytes -- throughput=10726819.000000 MB/s"
12 2.8622940000000e+00 "ST_Thread" "P#0_T#3680881472"
11 2.8627900000000e+00 "ST_Thread" "P#0_T#3680881472" "STV_MPI_Barrier"
40 2.8627900000000e+00 "L_MPI_Coll" "C_Prog" "P#0_T#3680881472" "src=0, dest=1" "0_1_0x7f256c046310"
40 2.8627900000000e+00 "L_MPI_Coll" "C_Prog" "P#0_T#3680881472" "src=0, dest=2" "0_2_0x7f256c046310"
40 2.8627900000000e+00 "L_MPI_Coll" "C_Prog" "P#0_T#3680881472" "src=0, dest=3" "0_3_0x7f256c046310"
12 2.8632480000000e+00 "ST_Thread" "P#3_T#3128527680"
41 2.8632480000000e+00 "L_MPI_Coll" "C_Prog" "P#3_T#3128527680" "src=2, dest=3" "2_3_0x7f256c046310"
41 2.8632480000000e+00 "L_MPI_Coll" "C_Prog" "P#3_T#3128527680" "src=0, dest=3" "0_3_0x7f256c046310"
41 2.8632480000000e+00 "L_MPI_Coll" "C_Prog" "P#3_T#3128527680" "src=1, dest=3" "1_3_0x7f256c046310"
11 2.8634430000000e+00 "ST_Thread" "P#3_T#3128527680" "STV_MPI_Recv"
41 2.8642710000000e+00 "L_MPI_Coll" "C_Prog" "P#2_T#333392704" "src=3, dest=2" "3_2_0x7f256c046310"
12 2.8642710000000e+00 "ST_Thread" "P#2_T#333392704"
41 2.8642710000000e+00 "L_MPI_Coll" "C_Prog" "P#2_T#333392704" "src=0, dest=2" "0_2_0x7f256c046310"
41 2.8642710000000e+00 "L_MPI_Coll" "C_Prog" "P#2_T#333392704" "src=1, dest=2" "1_2_0x7f256c046310"
11 2.8645010000000e+00 "ST_Thread" "P#2_T#333392704" "STV_MPI_Recv"
41 2.8648230000000e+00 "L_MPI_Coll" "C_Prog" "P#0_T#3680881472" "src=2, dest=0" "2_0_0x7f256c046310"
41 2.8648230000000e+00 "L_MPI_Coll" "C_Prog" "P#0_T#3680881472" "src=3, dest=0" "3_0_0x7f256c046310"
12 2.8648230000000e+00 "ST_Thread" "P#0_T#3680881472"
41 2.8648230000000e+00 "L_MPI_Coll" "C_Prog" "P#0_T#3680881472" "src=1, dest=0" "1_0_0x7f256c046310"
11 2.8651620000000e+00 "ST_Thread" "P#0_T#3680881472" "STV_MPI_Send"
40 2.8651620000000e+00 "L_MPI_P2P" "C_Prog" "P#0_T#3680881472" "src=0, dest=1, len=1024, tag=0" "0_1_                   0_0x1589d38"
41 2.8653760000000e+00 "L_MPI_Coll" "C_Prog" "P#1_T#3696544576" "src=0, dest=1" "0_1_0x7f256c046310"
41 2.8653760000000e+00 "L_MPI_Coll" "C_Prog" "P#1_T#3696544576" "src=2, dest=1" "2_1_0x7f256c046310"
41 2.8653760000000e+00 "L_MPI_Coll" "C_Prog" "P#1_T#3696544576" "src=3, dest=1" "3_1_0x7f256c046310"
12 2.8653760000000e+00 "ST_Thread" "P#1_T#3696544576"
11 2.8656230000000e+00 "ST_Thread" "P#1_T#3696544576" "STV_MPI_Recv"
12 2.8657470000000e+00 "ST_Thread" "P#0_T#3680881472"
11 2.8660230000000e+00 "ST_Thread" "P#0_T#3680881472" "STV_MPI_Recv"
41 2.8662330000000e+00 "L_MPI_P2P" "C_Prog" "P#1_T#3696544576" "src=0, dest=1, len=1024, tag=0" "0_1_                   0_0x1589d38"
20 2.8662330000000e+00 "E_MPI_EndComm" "P#1_T#3696544576" "duration = 1.071000 us -- len=33459200 bytes -- throughput=31241084.000000 MB/s"
12 2.8662330000000e+00 "ST_Thread" "P#1_T#3696544576"
11 2.9669990000000e+00 "ST_Thread" "P#1_T#3696544576" "STV_MPI_Send"
40 2.9669990000000e+00 "L_MPI_P2P" "C_Prog" "P#1_T#3696544576" "src=1, dest=2, len=1024, tag=0" "1_2_                   0_0x15995b8"
41 2.9672010000000e+00 "L_MPI_P2P" "C_Prog" "P#2_T#333392704" "src=1, dest=2, len=1024, tag=0" "1_2_                   0_0x15995b8"
20 2.9672010000000e+00 "E_MPI_EndComm" "P#2_T#333392704" "duration = 0.202000 us -- len=33293312 bytes -- throughput=164818368.000000 MB/s"
12 2.9672010000000e+00 "ST_Thread" "P#2_T#333392704"
12 2.9675910000000e+00 "ST_Thread" "P#1_T#3696544576"
11 2.9678140000000e+00 "ST_Thread" "P#1_T#3696544576" "STV_MPI_Barrier"
40 2.9678140000000e+00 "L_MPI_Coll" "C_Prog" "P#1_T#3696544576" "src=1, dest=2" "1_2_0x7f256c046dc0"
40 2.9678140000000e+00 "L_MPI_Coll" "C_Prog" "P#1_T#3696544576" "src=1, dest=3" "1_3_0x7f256c046dc0"
40 2.9678140000000e+00 "L_MPI_Coll" "C_Prog" "P#1_T#3696544576" "src=1, dest=0" "1_0_0x7f256c046dc0"
11 3.0678390000000e+00 "ST_Thread" "P#2_T#333392704" "STV_MPI_Send"
40 3.0678390000000e+00 "L_MPI_P2P" "C_Prog" "P#2_T#333392704" "src=2, dest=3, len=1024, tag=0" "2_3_                   0_0x15a8e38"
41 3.0681380000000e+00 "L_MPI_P2P" "C_Prog" "P#3_T#3128527680" "src=2, dest=3, len=1024, tag=0" "2_3_                   0_0x15a8e38"
20 3.0681380000000e+00 "E_MPI_EndComm" "P#3_T#3128527680" "duration = 0.299000 us -- len=33364992 bytes -- throughput=111588600.000000 MB/s"
12 3.0681380000000e+00 "ST_Thread" "P#3_T#3128527680"
12 3.0685750000000e+00 "ST_Thread" "P#2_T#333392704"
11 3.0688440000000e+00 "ST_Thread" "P#2_T#333392704" "STV_MPI_Barrier"
40 3.0688440000000e+00 "L_MPI_Coll" "C_Prog" "P#2_T#333392704" "src=2, dest=1" "2_1_0x7f256c046dc0"
40 3.0688440000000e+00 "L_MPI_Coll" "C_Prog" "P#2_T#333392704" "src=2, dest=3" "2_3_0x7f256c046dc0"
40 3.0688440000000e+00 "L_MPI_Coll" "C_Prog" "P#2_T#333392704" "src=2, dest=0" "2_0_0x7f256c046dc0"
11 3.1687910000000e+00 "ST_Thread" "P#3_T#3128527680" "STV_MPI_Send"
40 3.1687910000000e+00 "L_MPI_P2P" "C_Prog" "P#3_T#3128527680" "src=3, dest=0, len=1024, tag=0" "3_0_                   0_0x157a4b8"
12 3.1694660000000e+00 "ST_Thread" "P#3_T#3128527680"
11 3.1697780000000e+00 "ST_Thread" "P#3_T#3128527680" "STV_MPI_Barrier"
40 3.1697780000000e+00 "L_MPI_Coll" "C_Prog" "P#3_T#3128527680" "src=3, dest=1" "3_1_0x7f256c046dc0"
40 3.1697780000000e+00 "L_MPI_Coll" "C_Prog" "P#3_T#3128527680" "src=3, dest=2" "3_2_0x7f256c046dc0"
40 3.1697780000000e+00 "L_MPI_Coll" "C_Prog" "P#3_T#3128527680" "src=3, dest=0" "3_0_0x7f256c046dc0"
41 3.1722890000000e+00 "L_MPI_P2P" "C_Prog" "P#0_T#3680881472" "src=3, dest=0, len=1024, tag=0" "3_0_                   0_0x157a4b8"
20 3.1722890000000e+00 "E_MPI_EndComm" "P#0_T#3680881472" "duration = 3.498000 us -- len=33371136 bytes -- throughput=9540062.000000 MB/s"
12 3.1722890000000e+00 "ST_Thread" "P#0_T#3680881472"
11 3.1728470000000e+00 "ST_Thread" "P#0_T#3680881472" "STV_MPI_Barrier"
40 3.1728470000000e+00 "L_MPI_Coll" "C_Prog" "P#0_T#3680881472" "src=0, dest=1" "0_1_0x7f256c046dc0"
40 3.1728470000000e+00 "L_MPI_Coll" "C_Prog" "P#0_T#3680881472" "src=0, dest=2" "0_2_0x7f256c046dc0"
40 3.1728470000000e+00 "L_MPI_Coll" "C_Prog" "P#0_T#3680881472" "src=0, dest=3" "0_3_0x7f256c046dc0"
12 3.1733370000000e+00 "ST_Thread" "P#3_T#3128527680"
41 3.1733370000000e+00 "L_MPI_Coll" "C_Prog" "P#3_T#3128527680" "src=2, dest=3" "2_3_0x7f256c046dc0"
41 3.1733370000000e+00 "L_MPI_Coll" "C_Prog" "P#3_T#3128527680" "src=0, dest=3" "0_3_0x7f256c046dc0"
41 3.1733370000000e+00 "L_MPI_Coll" "C_Prog" "P#3_T#3128527680" "src=1, dest=3" "1_3_0x7f256c046dc0"
41 3.1743180000000e+00 "L_MPI_Coll" "C_Prog" "P#2_T#333392704" "src=3, dest=2" "3_2_0x7f256c046dc0"
12 3.1743180000000e+00 "ST_Thread" "P#2_T#333392704"
41 3.1743180000000e+00 "L_MPI_Coll" "C_Prog" "P#2_T#333392704" "src=0, dest=2" "0_2_0x7f256c046dc0"
41 3.1743180000000e+00 "L_MPI_Coll" "C_Prog" "P#2_T#333392704" "src=1, dest=2" "1_2_0x7f256c046dc0"
41 3.1748160000000e+00 "L_MPI_Coll" "C_Prog" "P#0_T#3680881472" "src=2, dest=0" "2_0_0x7f256c046dc0"
41 3.1748160000000e+00 "L_MPI_Coll" "C_Prog" "P#0_T#3680881472" "src=3, dest=0" "3_0_0x7f256c046dc0"
12 3.1748160000000e+00 "ST_Thread" "P#0_T#3680881472"
41 3.1748160000000e+00 "L_MPI_Coll" "C_Prog" "P#0_T#3680881472" "src=1, dest=0" "1_0_0x7f256c046dc0"
41 3.1752110000000e+00 "L_MPI_Coll" "C_Prog" "P#1_T#3696544576" "src=0, dest=1" "0_1_0x7f256c046dc0"
41 3.1752110000000e+00 "L_MPI_Coll" "C_Prog" "P#1_T#3696544576" "src=2, dest=1" "2_1_0x7f256c046dc0"
41 3.1752110000000e+00 "L_MPI_Coll" "C_Prog" "P#1_T#3696544576" "src=3, dest=1" "3_1_0x7f256c046dc0"
12 3.1752110000000e+00 "ST_Thread" "P#1_T#3696544576"
8 3.3648060000000e+00 "P#1_T#3696544576" "CT_Thread"
8 3.4142390000000e+00 "P#2_T#333392704" "CT_Thread"
8 3.5174620000000e+00 "P#0_T#3680881472" "CT_Thread"
8 3.5499720000000e+00 "P#3_T#3128527680" "CT_Thread"
