%EventDef PajeDefineContainerType 0
% Name string
% Type string
% Alias string
%EndEventDef
%EventDef PajeDefineStateType 1
% Name string
% Type string
% Alias string
%EndEventDef
%EventDef PajeDefineEventType 2
% Name string
% Type string
% Alias string
%EndEventDef
%EventDef PajeDefineVariableType 3
% Name string
% Type string
% Color color
% Alias string
%EndEventDef
%EventDef PajeDefineLinkType 4
% Name string
% Type string
% StartContainerType string
% EndContainerType string
% Alias string
%EndEventDef
%EventDef PajeDefineEntityValue 5
% Type string
% Name string
% Color color
% Alias string
%EndEventDef
%EventDef PajeCreateContainer 7
% Time date
% Name string
% Type string
% Container string
% Alias string
%EndEventDef
%EventDef PajeDestroyContainer 8
% Time date
% Name string
% Type string
%EndEventDef
%EventDef PajeSetState 10
% Time date
% Type string
% Container string
% Value string
%EndEventDef
%EventDef PajePushState 11
% Time date
% Type string
% Container string
% Value string
%EndEventDef
%EventDef PajePopState 12
% Time date
% Type string
% Container string
%EndEventDef
%EventDef PajeResetState 13
% Time date
% Type string
% Container string
%EndEventDef
%EventDef PajeNewEvent 20
% Time date
% Type string
% Container string
% Value string
%EndEventDef
%EventDef PajeSetVariable 30
% Time date
% Type string
% Container string
% Value double
%EndEventDef
%EventDef PajeAddVariable 31
% Time date
% Type string
% Container string
% Value double
%EndEventDef
%EventDef PajeSubVariable 32
% Time date
% Type string
% Container string
% Value double
%EndEventDef
%EventDef PajeStartLink 40
% Time date
% Type string
% Container string
% StartContainer string
% Value string
% Key string
%EndEventDef
%EventDef PajeEndLink 41
% Time date
% Type string
% Container string
% EndContainer string
% Value string
% Key string
%EndEventDef
0 "Program" "0" "CT_Program"
0 "Process" "CT_Program" "CT_Process"
0 "Thread" "CT_Process" "CT_Thread"
1 "Program state" "CT_Program" "ST_Program"
1 "Process state" "CT_Process" "ST_Process"
1 "Thread state" "CT_Thread" "ST_Thread"
1 "User state" "CT_Thread" "ST_User"
5 "ST_Thread" "EZTrace Flush" "1.0 1.0 1.0" "STV_FLUSH"
5 "ST_Thread" "Blocked" "1.0 0.0 0.0" "STV_Blocked"
5 "ST_Thread" "Working" "0.0 0.0 1.0" "STV_Working"
5 "ST_Thread" "Critical Section" "0.0 1.0 0.0" "STV_Critical"
5 "ST_User" "User Event" "0.0 1.0 0.0" "STV_User_Event_Green"
5 "ST_User" "User Event" "1.0 0.0 0.0" "STV_User_Event_Red"
5 "ST_User" "User Event" "0.1 0.5 0.8" "STV_User_Event_Blue"
5 "ST_User" "User Event" "1.0 1.0 0.0" "STV_User_Event_Yellow"
5 "ST_User" "User Event" "1.0 0.0 1.0" "STV_User_Event_Pink"
5 "ST_Thread" "EZTrace synchronization" "1.0 1.0 1.0" "STV_EZTRACE_SYNC"
2 "User Event" "CT_Thread" "E_UserEvent"
2 "SIGNAL Received" "CT_Thread" "E_SigSegv"
3 "Current CPU" "CT_Thread" "0 0 0" "V_CURCPU"
5 "ST_Thread" "stdio_read" "0.0 0.0 0.0" "stdio_read"
5 "ST_Thread" "stdio_pread" "0.0 0.0 0.0" "stdio_pread"
5 "ST_Thread" "stdio_readv" "0.0 0.0 0.0" "stdio_readv"
5 "ST_Thread" "stdio_fread" "0.0 0.0 0.0" "stdio_fread"
5 "ST_Thread" "stdio_write" "0.0 0.0 0.0" "stdio_write"
5 "ST_Thread" "stdio_pwrite" "0.0 0.0 0.0" "stdio_pwrite"
5 "ST_Thread" "stdio_writev" "0.0 0.0 0.0" "stdio_writev"
5 "ST_Thread" "stdio_fwrite" "0.0 0.0 0.0" "stdio_fwrite"
5 "ST_Thread" "stdio_select" "0.0 0.0 0.0" "stdio_select"
5 "ST_Thread" "stdio_pselect" "0.0 0.0 0.0" "stdio_pselect"
5 "ST_Thread" "stdio_lseek" "0.0 0.0 0.0" "stdio_lseek"
5 "ST_Thread" "stdio_poll" "0.0 0.0 0.0" "stdio_poll"
5 "ST_Thread" "stdio_ppoll" "0.0 0.0 0.0" "stdio_ppoll"
2 "SemPost" "CT_Thread" "E_SemPost"
2 "SemWait done" "CT_Thread" "E_SemWait_Done"
2 "Mutex Lock" "CT_Thread" "E_Mutex_Lock"
2 "Mutex Unlock" "CT_Thread" "E_Mutex_Unlock"
2 "Cond Signal" "CT_Thread" "E_CondSignal"
2 "Waiting for a lock" "CT_Thread" "E_LockStart"
2 "Lock acquired" "CT_Thread" "E_LockStop"
5 "ST_Thread" "Blocked on a semaphore" "1.0 0.0 0.0" "STV_Blocked_sem"
5 "ST_Thread" "Blocked on a spinlock" "1.0 0.0 0.0" "STV_Blocked_spin"
5 "ST_Thread" "Blocked on a mutex" "1.0 0.0 0.0" "STV_Blocked_mutex"
5 "ST_Thread" "Blocked on a condition" "1.0 0.0 0.0" "STV_Blocked_condition"
5 "ST_Thread" "Blocked on a rwlock" "1.0 0.0 0.0" "STV_Blocked_rwlock"
5 "ST_Thread" "Blocked on a barrier" "1.0 0.0 0.0" "STV_Blocked_barrier"
5 "ST_Thread" "Critical Section (semaphore)" "0.0 1.0 0.0" "STV_Critical_sem"
5 "ST_Thread" "Critical Section (spinlock)" "0.0 1.0 0.0" "STV_Critical_spin"
5 "ST_Thread" "Critical Section (mutex)" "0.0 1.0 0.0" "STV_Critical_mutex"
5 "ST_Thread" "Critical Section (condition)" "0.0 1.0 0.0" "STV_Critical_condition"
5 "ST_Thread" "Critical Section (rwlock)" "0.0 1.0 0.0" "STV_Critical_rwlock"
4 "OpenMP Parallel Section" "CT_Program" "CT_Thread" "CT_Thread" "GOMP_Section_Link"
5 "ST_Thread" "GOMP_Section_State" "1.0 0.0 1.0" "GOMP_Section_State"
5 "ST_Thread" "GOMP_Critical" "0.0 1.0 0.0" "GOMP_Critical"
5 "ST_Thread" "GOMP_Atomic" "0.0 1.0 0.0" "GOMP_Atomic"
5 "ST_Thread" "GOMP_Barrier" "1.0 0.6 0.0" "GOMP_Barrier"
5 "ST_Thread" "GOMP_Implicit_Barrier" "1.0 0.0 0.0" "GOMP_Implicit_Barrier"
5 "ST_Thread" "GOMP_For" "0.8 0.8 0.8" "GOMP_For"
5 "ST_Thread" "GOMP_Master" "1.0 1.0 1.0" "GOMP_Master"
5 "ST_Thread" "Blocked on an OpenMP lock" "1.0 0.0 0.0" "STV_GOMP_Lock"
5 "ST_Thread" "Holding an OpenMP lock" "0.0 1.0 0.0" "STV_GOMP_Locked"
5 "ST_Thread" "Blocked on an OpenMP nested lock" "1.0 0.0 0.0" "STV_GOMP_NLock"
5 "ST_Thread" "Holding an OpenMP nested lock" "0.0 1.0 0.0" "STV_GOMP_NLocked"
5 "ST_Thread" "GOMP_TaskWait" "1.0 0.6 0.0" "GOMP_TaskWait"
5 "ST_Thread" "GOMP_Task" "1.0 1.0 1.0" "GOMP_Task"
5 "ST_Thread" "GOMP_Task" "0.0 1.0 1.0" "GOMP_Untied_Task"
5 "ST_Thread" "Creating an OpenMP Task" "0.3 0.4 0.1" "GOMP_Task_Create"
5 "ST_Thread" "Creating an OpenMP Task" "0.1 0.5 0.8" "GOMP_Untied_Task_Create"
5 "ST_Thread" "Sending" "1.0 0.6 0.0" "STV_MPI_Send"
5 "ST_Thread" "MPI_Isend" "1.0 0.6 0.0" "STV_MPI_Isend"
5 "ST_Thread" "MPI_Ibsend" "1.0 0.6 0.0" "STV_MPI_Ibsend"
5 "ST_Thread" "MPI_Issend" "1.0 0.6 0.0" "STV_MPI_Issend"
5 "ST_Thread" "MPI_Irsend" "1.0 0.6 0.0" "STV_MPI_Irsend"
5 "ST_Thread" "SendRecv" "1.0 0.6 0.0" "STV_MPI_Sendrecv"
5 "ST_Thread" "Receiving" "0.6 0.1 0.9" "STV_MPI_Recv"
5 "ST_Thread" "MPI_Irecv" "0.6 0.1 0.9" "STV_MPI_Irecv"
5 "ST_Thread" "MPI_Wait" "1.0 0.0 0.0" "STV_MPI_Wait"
5 "ST_Thread" "MPI_Barrier" "1.0 0.0 1.0" "STV_MPI_Barrier"
5 "ST_Thread" "MPI_BCast" "1.0 0.0 1.0" "STV_MPI_BCast"
5 "ST_Thread" "MPI_Gather" "1.0 0.0 1.0" "STV_MPI_Gather"
5 "ST_Thread" "MPI_Scatter" "1.0 0.0 1.0" "STV_MPI_Scatter"
5 "ST_Thread" "MPI_Allgather" "1.0 0.0 1.0" "STV_MPI_Allgather"
5 "ST_Thread" "MPI_Alltoall" "1.0 0.0 1.0" "STV_MPI_Alltoall"
5 "ST_Thread" "MPI_Reduce" "1.0 0.0 1.0" "STV_MPI_Reduce"
5 "ST_Thread" "MPI_Allreduce" "1.0 0.0 1.0" "STV_MPI_Allreduce"
5 "ST_Thread" "MPI_Reduce_scatter" "1.0 0.0 1.0" "STV_MPI_reduce_scatter"
5 "ST_Thread" "MPI_Scan" "1.0 0.0 1.0" "STV_MPI_Scan"
5 "ST_Thread" "MPI_Ibarrier" "1.0 0.0 1.0" "STV_MPI_Ibarrier"
5 "ST_Thread" "MPI_Ibcast" "1.0 0.0 1.0" "STV_MPI_Ibcast"
5 "ST_Thread" "MPI_Igather" "1.0 0.0 1.0" "STV_MPI_Igather"
5 "ST_Thread" "MPI_Iscatter" "1.0 0.0 1.0" "STV_MPI_Iscatter"
5 "ST_Thread" "MPI_Iallgather" "1.0 0.0 1.0" "STV_MPI_Iallgather"
5 "ST_Thread" "MPI_Ialltoall" "1.0 0.0 1.0" "STV_MPI_Ialltoall"
5 "ST_Thread" "MPI_Ireduce" "1.0 0.0 1.0" "STV_MPI_Ireduce"
5 "ST_Thread" "MPI_Iallreduce" "1.0 0.0 1.0" "STV_MPI_Iallreduce"
5 "ST_Thread" "MPI_Ireduce_scatter" "1.0 0.0 1.0" "STV_MPI_Ireduce_scatter"
5 "ST_Thread" "MPI_Iscan" "1.0 0.0 1.0" "STV_MPI_Iscan"
5 "ST_Thread" "MPI_Overlap" "1.0 1.0 0.0" "STV_MPI_Overlap"
5 "ST_Thread" "MPI_Probe" "0.6 0.1 0.9" "STV_MPI_Probe"
4 "MPI collective communication" "CT_Program" "CT_Thread" "CT_Thread" "L_MPI_Coll"
4 "MPI point to point communication" "CT_Program" "CT_Thread" "CT_Thread" "L_MPI_P2P"
4 "MPI SPAWN" "CT_Program" "CT_Thread" "CT_Thread" "L_MPI_SPAWN"
2 "MPI Send" "CT_Thread" "E_MPI_CommSend"
2 "MPI Recv" "CT_Thread" "E_MPI_CommRecv"
2 "End of an MPI communication" "CT_Thread" "E_MPI_EndComm"
2 "MPI_Probe" "CT_Thread" "E_MPI_Probe_success"
2 "MPI_IProbe success" "CT_Thread" "E_MPI_Iprobe_success"
2 "MPI_IProbe failed" "CT_Thread" "E_MPI_Iprobe_failed"
3 "Memory used" "CT_Process" "0 0 0" "V_Mem"
7 0.0000000000000e+00 "Program" "CT_Program" 0 "C_Prog"
7 0.0000000000000e+00 "P#0" "CT_Process" "C_Prog" "P#0"
7 0.0000000000000e+00 "P#0_T#2392394560" "CT_Thread" "P#0" "P#0_T#2392394560"
10 0.0000000000000e+00 "ST_Thread" "P#0_T#2392394560" "STV_Working"
7 0.0000000000000e+00 "P#1" "CT_Process" "C_Prog" "P#1"
7 0.0000000000000e+00 "P#1_T#3446303552" "CT_Thread" "P#1" "P#1_T#3446303552"
10 0.0000000000000e+00 "ST_Thread" "P#1_T#3446303552" "STV_Working"
11 3.8865000000000e-02 "ST_Thread" "P#1_T#3446303552" "STV_MPI_Barrier"
40 3.8865000000000e-02 "L_MPI_Coll" "C_Prog" "P#1_T#3446303552" "src=1, dest=0" "1_0_0x7fc434020650"
11 3.8953000000000e-02 "ST_Thread" "P#0_T#2392394560" "STV_MPI_Barrier"
40 3.8953000000000e-02 "L_MPI_Coll" "C_Prog" "P#0_T#2392394560" "src=0, dest=1" "0_1_0x7fc434020650"
12 4.3909000000000e-02 "ST_Thread" "P#0_T#2392394560"
41 4.3909000000000e-02 "L_MPI_Coll" "C_Prog" "P#0_T#2392394560" "src=1, dest=0" "1_0_0x7fc434020650"
41 4.4425000000000e-02 "L_MPI_Coll" "C_Prog" "P#1_T#3446303552" "src=0, dest=1" "0_1_0x7fc434020650"
12 4.4425000000000e-02 "ST_Thread" "P#1_T#3446303552"
11 4.7106000000000e-02 "ST_Thread" "P#1_T#3446303552" "STV_MPI_Recv"
11 5.5055000000000e-02 "ST_Thread" "P#0_T#2392394560" "STV_MPI_Send"
40 5.5055000000000e-02 "L_MPI_P2P" "C_Prog" "P#0_T#2392394560" "src=0, dest=1, len=1024, tag=0" "0_1_                   0_0x190a850"
12 6.4505000000000e-02 "ST_Thread" "P#0_T#2392394560"
11 6.5812000000000e-02 "ST_Thread" "P#0_T#2392394560" "STV_MPI_Recv"
41 6.6917000000000e-02 "L_MPI_P2P" "C_Prog" "P#1_T#3446303552" "src=0, dest=1, len=1024, tag=0" "0_1_                   0_0x190a850"
20 6.6917000000000e-02 "E_MPI_EndComm" "P#1_T#3446303552" "duration = 11.862000 us -- len=33342464 bytes -- throughput=2810863.500000 MB/s"
12 6.6917000000000e-02 "ST_Thread" "P#1_T#3446303552"
11 1.7789300000000e-01 "ST_Thread" "P#1_T#3446303552" "STV_MPI_Send"
40 1.7789300000000e-01 "L_MPI_P2P" "C_Prog" "P#1_T#3446303552" "src=1, dest=0, len=1024, tag=0" "1_0_                   0_0x18fafd0"
12 1.8164600000000e-01 "ST_Thread" "P#1_T#3446303552"
11 1.8230300000000e-01 "ST_Thread" "P#1_T#3446303552" "STV_MPI_Barrier"
40 1.8230300000000e-01 "L_MPI_Coll" "C_Prog" "P#1_T#3446303552" "src=1, dest=0" "1_0_0x7fc434020b10"
41 1.8327600000000e-01 "L_MPI_P2P" "C_Prog" "P#0_T#2392394560" "src=1, dest=0, len=1024, tag=0" "1_0_                   0_0x18fafd0"
20 1.8327600000000e-01 "E_MPI_EndComm" "P#0_T#2392394560" "duration = 5.383000 us -- len=33360896 bytes -- throughput=6197454.500000 MB/s"
12 1.8327600000000e-01 "ST_Thread" "P#0_T#2392394560"
11 1.8409000000000e-01 "ST_Thread" "P#0_T#2392394560" "STV_MPI_Barrier"
40 1.8409000000000e-01 "L_MPI_Coll" "C_Prog" "P#0_T#2392394560" "src=0, dest=1" "0_1_0x7fc434020b10"
12 1.8646600000000e-01 "ST_Thread" "P#0_T#2392394560"
41 1.8646600000000e-01 "L_MPI_Coll" "C_Prog" "P#0_T#2392394560" "src=1, dest=0" "1_0_0x7fc434020b10"
41 1.8690100000000e-01 "L_MPI_Coll" "C_Prog" "P#1_T#3446303552" "src=0, dest=1" "0_1_0x7fc434020b10"
12 1.8690100000000e-01 "ST_Thread" "P#1_T#3446303552"
11 1.8704700000000e-01 "ST_Thread" "P#0_T#2392394560" "STV_MPI_Send"
40 1.8704700000000e-01 "L_MPI_P2P" "C_Prog" "P#0_T#2392394560" "src=0, dest=1, len=1024, tag=0" "0_1_                   0_0x190a8d8"
11 1.8754300000000e-01 "ST_Thread" "P#1_T#3446303552" "STV_MPI_Recv"
12 1.8823500000000e-01 "ST_Thread" "P#0_T#2392394560"
11 1.8879100000000e-01 "ST_Thread" "P#0_T#2392394560" "STV_MPI_Recv"
41 1.8890800000000e-01 "L_MPI_P2P" "C_Prog" "P#1_T#3446303552" "src=0, dest=1, len=1024, tag=0" "0_1_                   0_0x190a8d8"
20 1.8890800000000e-01 "E_MPI_EndComm" "P#1_T#3446303552" "duration = 1.861000 us -- len=33342464 bytes -- throughput=17916424.000000 MB/s"
12 1.8890800000000e-01 "ST_Thread" "P#1_T#3446303552"
11 2.8978600000000e-01 "ST_Thread" "P#1_T#3446303552" "STV_MPI_Send"
40 2.8978600000000e-01 "L_MPI_P2P" "C_Prog" "P#1_T#3446303552" "src=1, dest=0, len=1024, tag=0" "1_0_                   0_0x18fb058"
12 2.9095400000000e-01 "ST_Thread" "P#1_T#3446303552"
11 2.9144500000000e-01 "ST_Thread" "P#1_T#3446303552" "STV_MPI_Barrier"
40 2.9144500000000e-01 "L_MPI_Coll" "C_Prog" "P#1_T#3446303552" "src=1, dest=0" "1_0_0x7fc434020f80"
41 2.9156600000000e-01 "L_MPI_P2P" "C_Prog" "P#0_T#2392394560" "src=1, dest=0, len=1024, tag=0" "1_0_                   0_0x18fb058"
20 2.9156600000000e-01 "E_MPI_EndComm" "P#0_T#2392394560" "duration = 1.780000 us -- len=33360896 bytes -- throughput=18742076.000000 MB/s"
12 2.9156600000000e-01 "ST_Thread" "P#0_T#2392394560"
11 2.9212000000000e-01 "ST_Thread" "P#0_T#2392394560" "STV_MPI_Barrier"
40 2.9212000000000e-01 "L_MPI_Coll" "C_Prog" "P#0_T#2392394560" "src=0, dest=1" "0_1_0x7fc434020f80"
12 2.9398900000000e-01 "ST_Thread" "P#0_T#2392394560"
41 2.9398900000000e-01 "L_MPI_Coll" "C_Prog" "P#0_T#2392394560" "src=1, dest=0" "1_0_0x7fc434020f80"
41 2.9430200000000e-01 "L_MPI_Coll" "C_Prog" "P#1_T#3446303552" "src=0, dest=1" "0_1_0x7fc434020f80"
12 2.9430200000000e-01 "ST_Thread" "P#1_T#3446303552"
11 2.9448300000000e-01 "ST_Thread" "P#0_T#2392394560" "STV_MPI_Send"
40 2.9448300000000e-01 "L_MPI_P2P" "C_Prog" "P#0_T#2392394560" "src=0, dest=1, len=1024, tag=0" "0_1_                   0_0x190a960"
11 2.9479800000000e-01 "ST_Thread" "P#1_T#3446303552" "STV_MPI_Recv"
12 2.9529200000000e-01 "ST_Thread" "P#0_T#2392394560"
11 2.9578600000000e-01 "ST_Thread" "P#0_T#2392394560" "STV_MPI_Recv"
41 2.9602000000000e-01 "L_MPI_P2P" "C_Prog" "P#1_T#3446303552" "src=0, dest=1, len=1024, tag=0" "0_1_                   0_0x190a960"
20 2.9602000000000e-01 "E_MPI_EndComm" "P#1_T#3446303552" "duration = 1.537000 us -- len=33342464 bytes -- throughput=21693210.000000 MB/s"
12 2.9602000000000e-01 "ST_Thread" "P#1_T#3446303552"
11 3.9676800000000e-01 "ST_Thread" "P#1_T#3446303552" "STV_MPI_Send"
40 3.9676800000000e-01 "L_MPI_P2P" "C_Prog" "P#1_T#3446303552" "src=1, dest=0, len=1024, tag=0" "1_0_                   0_0x18fb0e0"
12 3.9765100000000e-01 "ST_Thread" "P#1_T#3446303552"
41 3.9809200000000e-01 "L_MPI_P2P" "C_Prog" "P#0_T#2392394560" "src=1, dest=0, len=1024, tag=0" "1_0_                   0_0x18fb0e0"
20 3.9809200000000e-01 "E_MPI_EndComm" "P#0_T#2392394560" "duration = 1.324000 us -- len=33360896 bytes -- throughput=25197052.000000 MB/s"
12 3.9809200000000e-01 "ST_Thread" "P#0_T#2392394560"
11 3.9812400000000e-01 "ST_Thread" "P#1_T#3446303552" "STV_MPI_Barrier"
40 3.9812400000000e-01 "L_MPI_Coll" "C_Prog" "P#1_T#3446303552" "src=1, dest=0" "1_0_0x7fc434021400"
11 3.9862300000000e-01 "ST_Thread" "P#0_T#2392394560" "STV_MPI_Barrier"
40 3.9862300000000e-01 "L_MPI_Coll" "C_Prog" "P#0_T#2392394560" "src=0, dest=1" "0_1_0x7fc434021400"
12 4.0029900000000e-01 "ST_Thread" "P#0_T#2392394560"
41 4.0029900000000e-01 "L_MPI_Coll" "C_Prog" "P#0_T#2392394560" "src=1, dest=0" "1_0_0x7fc434021400"
41 4.0061500000000e-01 "L_MPI_Coll" "C_Prog" "P#1_T#3446303552" "src=0, dest=1" "0_1_0x7fc434021400"
12 4.0061500000000e-01 "ST_Thread" "P#1_T#3446303552"
11 4.0072000000000e-01 "ST_Thread" "P#0_T#2392394560" "STV_MPI_Send"
40 4.0072000000000e-01 "L_MPI_P2P" "C_Prog" "P#0_T#2392394560" "src=0, dest=1, len=1024, tag=0" "0_1_                   0_0x190a9e8"
11 4.0110300000000e-01 "ST_Thread" "P#1_T#3446303552" "STV_MPI_Recv"
12 4.0148200000000e-01 "ST_Thread" "P#0_T#2392394560"
11 4.0196600000000e-01 "ST_Thread" "P#0_T#2392394560" "STV_MPI_Recv"
41 4.0218800000000e-01 "L_MPI_P2P" "C_Prog" "P#1_T#3446303552" "src=0, dest=1, len=1024, tag=0" "0_1_                   0_0x190a9e8"
20 4.0218800000000e-01 "E_MPI_EndComm" "P#1_T#3446303552" "duration = 1.468000 us -- len=33342464 bytes -- throughput=22712850.000000 MB/s"
12 4.0218800000000e-01 "ST_Thread" "P#1_T#3446303552"
11 5.0285800000000e-01 "ST_Thread" "P#1_T#3446303552" "STV_MPI_Send"
40 5.0285800000000e-01 "L_MPI_P2P" "C_Prog" "P#1_T#3446303552" "src=1, dest=0, len=1024, tag=0" "1_0_                   0_0x18fb168"
12 5.0374500000000e-01 "ST_Thread" "P#1_T#3446303552"
41 5.0407400000000e-01 "L_MPI_P2P" "C_Prog" "P#0_T#2392394560" "src=1, dest=0, len=1024, tag=0" "1_0_                   0_0x18fb168"
20 5.0407400000000e-01 "E_MPI_EndComm" "P#0_T#2392394560" "duration = 1.216000 us -- len=33360896 bytes -- throughput=27434948.000000 MB/s"
12 5.0407400000000e-01 "ST_Thread" "P#0_T#2392394560"
11 5.0420100000000e-01 "ST_Thread" "P#1_T#3446303552" "STV_MPI_Barrier"
40 5.0420100000000e-01 "L_MPI_Coll" "C_Prog" "P#1_T#3446303552" "src=1, dest=0" "1_0_0x7fc434021870"
11 5.0461500000000e-01 "ST_Thread" "P#0_T#2392394560" "STV_MPI_Barrier"
40 5.0461500000000e-01 "L_MPI_Coll" "C_Prog" "P#0_T#2392394560" "src=0, dest=1" "0_1_0x7fc434021870"
12 5.0631900000000e-01 "ST_Thread" "P#0_T#2392394560"
41 5.0631900000000e-01 "L_MPI_Coll" "C_Prog" "P#0_T#2392394560" "src=1, dest=0" "1_0_0x7fc434021870"
41 5.0660200000000e-01 "L_MPI_Coll" "C_Prog" "P#1_T#3446303552" "src=0, dest=1" "0_1_0x7fc434021870"
12 5.0660200000000e-01 "ST_Thread" "P#1_T#3446303552"
11 5.0673300000000e-01 "ST_Thread" "P#0_T#2392394560" "STV_MPI_Send"
40 5.0673300000000e-01 "L_MPI_P2P" "C_Prog" "P#0_T#2392394560" "src=0, dest=1, len=1024, tag=0" "0_1_                   0_0x190aa70"
11 5.0709500000000e-01 "ST_Thread" "P#1_T#3446303552" "STV_MPI_Recv"
12 5.0743200000000e-01 "ST_Thread" "P#0_T#2392394560"
11 5.0790800000000e-01 "ST_Thread" "P#0_T#2392394560" "STV_MPI_Recv"
41 5.0813300000000e-01 "L_MPI_P2P" "C_Prog" "P#1_T#3446303552" "src=0, dest=1, len=1024, tag=0" "0_1_                   0_0x190aa70"
20 5.0813300000000e-01 "E_MPI_EndComm" "P#1_T#3446303552" "duration = 1.400000 us -- len=33342464 bytes -- throughput=23816046.000000 MB/s"
12 5.0813300000000e-01 "ST_Thread" "P#1_T#3446303552"
11 6.0893000000000e-01 "ST_Thread" "P#1_T#3446303552" "STV_MPI_Send"
40 6.0893000000000e-01 "L_MPI_P2P" "C_Prog" "P#1_T#3446303552" "src=1, dest=0, len=1024, tag=0" "1_0_                   0_0x18fb1f0"
12 6.0979200000000e-01 "ST_Thread" "P#1_T#3446303552"
41 6.1020900000000e-01 "L_MPI_P2P" "C_Prog" "P#0_T#2392394560" "src=1, dest=0, len=1024, tag=0" "1_0_                   0_0x18fb1f0"
20 6.1020900000000e-01 "E_MPI_EndComm" "P#0_T#2392394560" "duration = 1.279000 us -- len=33360896 bytes -- throughput=26083576.000000 MB/s"
12 6.1020900000000e-01 "ST_Thread" "P#0_T#2392394560"
11 6.1027100000000e-01 "ST_Thread" "P#1_T#3446303552" "STV_MPI_Barrier"
40 6.1027100000000e-01 "L_MPI_Coll" "C_Prog" "P#1_T#3446303552" "src=1, dest=0" "1_0_0x7fc434021ce0"
11 6.1077000000000e-01 "ST_Thread" "P#0_T#2392394560" "STV_MPI_Barrier"
40 6.1077000000000e-01 "L_MPI_Coll" "C_Prog" "P#0_T#2392394560" "src=0, dest=1" "0_1_0x7fc434021ce0"
12 6.1242400000000e-01 "ST_Thread" "P#0_T#2392394560"
41 6.1242400000000e-01 "L_MPI_Coll" "C_Prog" "P#0_T#2392394560" "src=1, dest=0" "1_0_0x7fc434021ce0"
41 6.1272200000000e-01 "L_MPI_Coll" "C_Prog" "P#1_T#3446303552" "src=0, dest=1" "0_1_0x7fc434021ce0"
12 6.1272200000000e-01 "ST_Thread" "P#1_T#3446303552"
11 6.1283800000000e-01 "ST_Thread" "P#0_T#2392394560" "STV_MPI_Send"
40 6.1283800000000e-01 "L_MPI_P2P" "C_Prog" "P#0_T#2392394560" "src=0, dest=1, len=1024, tag=0" "0_1_                   0_0x190aaf8"
11 6.1319800000000e-01 "ST_Thread" "P#1_T#3446303552" "STV_MPI_Recv"
12 6.1354200000000e-01 "ST_Thread" "P#0_T#2392394560"
11 6.1404000000000e-01 "ST_Thread" "P#0_T#2392394560" "STV_MPI_Recv"
41 6.1420500000000e-01 "L_MPI_P2P" "C_Prog" "P#1_T#3446303552" "src=0, dest=1, len=1024, tag=0" "0_1_                   0_0x190aaf8"
20 6.1420500000000e-01 "E_MPI_EndComm" "P#1_T#3446303552" "duration = 1.367000 us -- len=33342464 bytes -- throughput=24390976.000000 MB/s"
12 6.1420500000000e-01 "ST_Thread" "P#1_T#3446303552"
11 7.1483000000000e-01 "ST_Thread" "P#1_T#3446303552" "STV_MPI_Send"
40 7.1483000000000e-01 "L_MPI_P2P" "C_Prog" "P#1_T#3446303552" "src=1, dest=0, len=1024, tag=0" "1_0_                   0_0x18fb278"
12 7.1569200000000e-01 "ST_Thread" "P#1_T#3446303552"
41 7.1609600000000e-01 "L_MPI_P2P" "C_Prog" "P#0_T#2392394560" "src=1, dest=0, len=1024, tag=0" "1_0_                   0_0x18fb278"
20 7.1609600000000e-01 "E_MPI_EndComm" "P#0_T#2392394560" "duration = 1.266000 us -- len=33360896 bytes -- throughput=26351418.000000 MB/s"
12 7.1609600000000e-01 "ST_Thread" "P#0_T#2392394560"
11 7.1615800000000e-01 "ST_Thread" "P#1_T#3446303552" "STV_MPI_Barrier"
40 7.1615800000000e-01 "L_MPI_Coll" "C_Prog" "P#1_T#3446303552" "src=1, dest=0" "1_0_0x7fc434022160"
11 7.1664400000000e-01 "ST_Thread" "P#0_T#2392394560" "STV_MPI_Barrier"
40 7.1664400000000e-01 "L_MPI_Coll" "C_Prog" "P#0_T#2392394560" "src=0, dest=1" "0_1_0x7fc434022160"
12 7.1825600000000e-01 "ST_Thread" "P#0_T#2392394560"
41 7.1825600000000e-01 "L_MPI_Coll" "C_Prog" "P#0_T#2392394560" "src=1, dest=0" "1_0_0x7fc434022160"
41 7.1852300000000e-01 "L_MPI_Coll" "C_Prog" "P#1_T#3446303552" "src=0, dest=1" "0_1_0x7fc434022160"
12 7.1852300000000e-01 "ST_Thread" "P#1_T#3446303552"
11 7.1867700000000e-01 "ST_Thread" "P#0_T#2392394560" "STV_MPI_Send"
40 7.1867700000000e-01 "L_MPI_P2P" "C_Prog" "P#0_T#2392394560" "src=0, dest=1, len=1024, tag=0" "0_1_                   0_0x190ab80"
11 7.1900700000000e-01 "ST_Thread" "P#1_T#3446303552" "STV_MPI_Recv"
12 7.1939100000000e-01 "ST_Thread" "P#0_T#2392394560"
11 7.1986500000000e-01 "ST_Thread" "P#0_T#2392394560" "STV_MPI_Recv"
41 7.2011000000000e-01 "L_MPI_P2P" "C_Prog" "P#1_T#3446303552" "src=0, dest=1, len=1024, tag=0" "0_1_                   0_0x190ab80"
20 7.2011000000000e-01 "E_MPI_EndComm" "P#1_T#3446303552" "duration = 1.433000 us -- len=33342464 bytes -- throughput=23267596.000000 MB/s"
12 7.2011000000000e-01 "ST_Thread" "P#1_T#3446303552"
11 8.2094800000000e-01 "ST_Thread" "P#1_T#3446303552" "STV_MPI_Send"
40 8.2094800000000e-01 "L_MPI_P2P" "C_Prog" "P#1_T#3446303552" "src=1, dest=0, len=1024, tag=0" "1_0_                   0_0x18fb300"
12 8.2175600000000e-01 "ST_Thread" "P#1_T#3446303552"
41 8.2214800000000e-01 "L_MPI_P2P" "C_Prog" "P#0_T#2392394560" "src=1, dest=0, len=1024, tag=0" "1_0_                   0_0x18fb300"
20 8.2214800000000e-01 "E_MPI_EndComm" "P#0_T#2392394560" "duration = 1.200000 us -- len=33360896 bytes -- throughput=27800746.000000 MB/s"
12 8.2214800000000e-01 "ST_Thread" "P#0_T#2392394560"
11 8.2222300000000e-01 "ST_Thread" "P#1_T#3446303552" "STV_MPI_Barrier"
40 8.2222300000000e-01 "L_MPI_Coll" "C_Prog" "P#1_T#3446303552" "src=1, dest=0" "1_0_0x7fc4340225d0"
11 8.2270200000000e-01 "ST_Thread" "P#0_T#2392394560" "STV_MPI_Barrier"
40 8.2270200000000e-01 "L_MPI_Coll" "C_Prog" "P#0_T#2392394560" "src=0, dest=1" "0_1_0x7fc4340225d0"
12 8.2436100000000e-01 "ST_Thread" "P#0_T#2392394560"
41 8.2436100000000e-01 "L_MPI_Coll" "C_Prog" "P#0_T#2392394560" "src=1, dest=0" "1_0_0x7fc4340225d0"
41 8.2467400000000e-01 "L_MPI_Coll" "C_Prog" "P#1_T#3446303552" "src=0, dest=1" "0_1_0x7fc4340225d0"
12 8.2467400000000e-01 "ST_Thread" "P#1_T#3446303552"
11 8.2478200000000e-01 "ST_Thread" "P#0_T#2392394560" "STV_MPI_Send"
40 8.2478200000000e-01 "L_MPI_P2P" "C_Prog" "P#0_T#2392394560" "src=0, dest=1, len=1024, tag=0" "0_1_                   0_0x190ac08"
11 8.2516200000000e-01 "ST_Thread" "P#1_T#3446303552" "STV_MPI_Recv"
12 8.2549800000000e-01 "ST_Thread" "P#0_T#2392394560"
11 8.2600400000000e-01 "ST_Thread" "P#0_T#2392394560" "STV_MPI_Recv"
41 8.2617400000000e-01 "L_MPI_P2P" "C_Prog" "P#1_T#3446303552" "src=0, dest=1, len=1024, tag=0" "0_1_                   0_0x190ac08"
20 8.2617400000000e-01 "E_MPI_EndComm" "P#1_T#3446303552" "duration = 1.392000 us -- len=33342464 bytes -- throughput=23952920.000000 MB/s"
12 8.2617400000000e-01 "ST_Thread" "P#1_T#3446303552"
11 9.2703900000000e-01 "ST_Thread" "P#1_T#3446303552" "STV_MPI_Send"
40 9.2703900000000e-01 "L_MPI_P2P" "C_Prog" "P#1_T#3446303552" "src=1, dest=0, len=1024, tag=0" "1_0_                   0_0x18fb388"
12 9.2789900000000e-01 "ST_Thread" "P#1_T#3446303552"
41 9.2826600000000e-01 "L_MPI_P2P" "C_Prog" "P#0_T#2392394560" "src=1, dest=0, len=1024, tag=0" "1_0_                   0_0x18fb388"
20 9.2826600000000e-01 "E_MPI_EndComm" "P#0_T#2392394560" "duration = 1.227000 us -- len=33360896 bytes -- throughput=27188994.000000 MB/s"
12 9.2826600000000e-01 "ST_Thread" "P#0_T#2392394560"
11 9.2837000000000e-01 "ST_Thread" "P#1_T#3446303552" "STV_MPI_Barrier"
40 9.2837000000000e-01 "L_MPI_Coll" "C_Prog" "P#1_T#3446303552" "src=1, dest=0" "1_0_0x7fc434022a40"
11 9.2881000000000e-01 "ST_Thread" "P#0_T#2392394560" "STV_MPI_Barrier"
40 9.2881000000000e-01 "L_MPI_Coll" "C_Prog" "P#0_T#2392394560" "src=0, dest=1" "0_1_0x7fc434022a40"
12 9.3046300000000e-01 "ST_Thread" "P#0_T#2392394560"
41 9.3046300000000e-01 "L_MPI_Coll" "C_Prog" "P#0_T#2392394560" "src=1, dest=0" "1_0_0x7fc434022a40"
41 9.3076100000000e-01 "L_MPI_Coll" "C_Prog" "P#1_T#3446303552" "src=0, dest=1" "0_1_0x7fc434022a40"
12 9.3076100000000e-01 "ST_Thread" "P#1_T#3446303552"
11 9.3088700000000e-01 "ST_Thread" "P#0_T#2392394560" "STV_MPI_Send"
40 9.3088700000000e-01 "L_MPI_P2P" "C_Prog" "P#0_T#2392394560" "src=0, dest=1, len=1024, tag=0" "0_1_                   0_0x190ac90"
11 9.3123400000000e-01 "ST_Thread" "P#1_T#3446303552" "STV_MPI_Recv"
12 9.3163300000000e-01 "ST_Thread" "P#0_T#2392394560"
11 9.3214200000000e-01 "ST_Thread" "P#0_T#2392394560" "STV_MPI_Recv"
41 9.3222200000000e-01 "L_MPI_P2P" "C_Prog" "P#1_T#3446303552" "src=0, dest=1, len=1024, tag=0" "0_1_                   0_0x190ac90"
20 9.3222200000000e-01 "E_MPI_EndComm" "P#1_T#3446303552" "duration = 1.335000 us -- len=33342464 bytes -- throughput=24975628.000000 MB/s"
12 9.3222200000000e-01 "ST_Thread" "P#1_T#3446303552"
11 1.0328940000000e+00 "ST_Thread" "P#1_T#3446303552" "STV_MPI_Send"
40 1.0328940000000e+00 "L_MPI_P2P" "C_Prog" "P#1_T#3446303552" "src=1, dest=0, len=1024, tag=0" "1_0_                   0_0x18fb410"
12 1.0337590000000e+00 "ST_Thread" "P#1_T#3446303552"
41 1.0341170000000e+00 "L_MPI_P2P" "C_Prog" "P#0_T#2392394560" "src=1, dest=0, len=1024, tag=0" "1_0_                   0_0x18fb410"
20 1.0341170000000e+00 "E_MPI_EndComm" "P#0_T#2392394560" "duration = 1.223000 us -- len=33360896 bytes -- throughput=27277918.000000 MB/s"
12 1.0341170000000e+00 "ST_Thread" "P#0_T#2392394560"
11 1.0342350000000e+00 "ST_Thread" "P#1_T#3446303552" "STV_MPI_Barrier"
40 1.0342350000000e+00 "L_MPI_Coll" "C_Prog" "P#1_T#3446303552" "src=1, dest=0" "1_0_0x7fc434022eb0"
11 1.0346580000000e+00 "ST_Thread" "P#0_T#2392394560" "STV_MPI_Barrier"
40 1.0346580000000e+00 "L_MPI_Coll" "C_Prog" "P#0_T#2392394560" "src=0, dest=1" "0_1_0x7fc434022eb0"
12 1.0363300000000e+00 "ST_Thread" "P#0_T#2392394560"
41 1.0363300000000e+00 "L_MPI_Coll" "C_Prog" "P#0_T#2392394560" "src=1, dest=0" "1_0_0x7fc434022eb0"
41 1.0365980000000e+00 "L_MPI_Coll" "C_Prog" "P#1_T#3446303552" "src=0, dest=1" "0_1_0x7fc434022eb0"
12 1.0365980000000e+00 "ST_Thread" "P#1_T#3446303552"
11 1.0367530000000e+00 "ST_Thread" "P#0_T#2392394560" "STV_MPI_Send"
40 1.0367530000000e+00 "L_MPI_P2P" "C_Prog" "P#0_T#2392394560" "src=0, dest=1, len=1024, tag=0" "0_1_                   0_0x190ad18"
11 1.0370610000000e+00 "ST_Thread" "P#1_T#3446303552" "STV_MPI_Recv"
12 1.0374800000000e+00 "ST_Thread" "P#0_T#2392394560"
11 1.0379560000000e+00 "ST_Thread" "P#0_T#2392394560" "STV_MPI_Recv"
41 1.0380810000000e+00 "L_MPI_P2P" "C_Prog" "P#1_T#3446303552" "src=0, dest=1, len=1024, tag=0" "0_1_                   0_0x190ad18"
20 1.0380810000000e+00 "E_MPI_EndComm" "P#1_T#3446303552" "duration = 1.328000 us -- len=33342464 bytes -- throughput=25107278.000000 MB/s"
12 1.0380810000000e+00 "ST_Thread" "P#1_T#3446303552"
11 1.1387460000000e+00 "ST_Thread" "P#1_T#3446303552" "STV_MPI_Send"
40 1.1387460000000e+00 "L_MPI_P2P" "C_Prog" "P#1_T#3446303552" "src=1, dest=0, len=1024, tag=0" "1_0_                   0_0x18fb498"
12 1.1395830000000e+00 "ST_Thread" "P#1_T#3446303552"
41 1.1399890000000e+00 "L_MPI_P2P" "C_Prog" "P#0_T#2392394560" "src=1, dest=0, len=1024, tag=0" "1_0_                   0_0x18fb498"
20 1.1399890000000e+00 "E_MPI_EndComm" "P#0_T#2392394560" "duration = 1.243000 us -- len=33360896 bytes -- throughput=26839014.000000 MB/s"
12 1.1399890000000e+00 "ST_Thread" "P#0_T#2392394560"
11 1.1400560000000e+00 "ST_Thread" "P#1_T#3446303552" "STV_MPI_Barrier"
40 1.1400560000000e+00 "L_MPI_Coll" "C_Prog" "P#1_T#3446303552" "src=1, dest=0" "1_0_0x7fc434023320"
11 1.1405230000000e+00 "ST_Thread" "P#0_T#2392394560" "STV_MPI_Barrier"
40 1.1405230000000e+00 "L_MPI_Coll" "C_Prog" "P#0_T#2392394560" "src=0, dest=1" "0_1_0x7fc434023320"
12 1.1421660000000e+00 "ST_Thread" "P#0_T#2392394560"
41 1.1421660000000e+00 "L_MPI_Coll" "C_Prog" "P#0_T#2392394560" "src=1, dest=0" "1_0_0x7fc434023320"
41 1.1424170000000e+00 "L_MPI_Coll" "C_Prog" "P#1_T#3446303552" "src=0, dest=1" "0_1_0x7fc434023320"
12 1.1424170000000e+00 "ST_Thread" "P#1_T#3446303552"
8 1.3936520000000e+00 "P#0_T#2392394560" "CT_Thread"
8 1.4786150000000e+00 "P#1_T#3446303552" "CT_Thread"
